\BOOKMARK [0][-]{chapter.1}{Plan de vuelo}{}% 1
\BOOKMARK [1][-]{subsection.1.0.1}{Introducci\363n}{chapter.1}% 2
\BOOKMARK [2][-]{subsection.1.0.2}{Ejemplos y Soluciones}{subsection.1.0.1}% 3
\BOOKMARK [2][-]{subsection.1.0.3}{Desarrollo}{subsection.1.0.1}% 4
\BOOKMARK [2][-]{subsection.1.0.4}{Complejidad}{subsection.1.0.1}% 5
\BOOKMARK [2][-]{subsection.1.0.5}{Experimentacion}{subsection.1.0.1}% 6
\BOOKMARK [0][-]{chapter.2}{Caballos salvajes}{}% 7
\BOOKMARK [1][-]{subsection.2.0.6}{Introducci\363n}{chapter.2}% 8
\BOOKMARK [2][-]{subsection.2.0.7}{Ejemplos y Soluciones}{subsection.2.0.6}% 9
\BOOKMARK [2][-]{subsection.2.0.8}{Desarrollo}{subsection.2.0.6}% 10
\BOOKMARK [2][-]{subsection.2.0.9}{Complejidad}{subsection.2.0.6}% 11
\BOOKMARK [2][-]{subsection.2.0.10}{Experimentacion}{subsection.2.0.6}% 12
\BOOKMARK [0][-]{chapter.3}{La comunidad del anillo}{}% 13
\BOOKMARK [1][-]{subsection.3.0.11}{Introducci\363n}{chapter.3}% 14
\BOOKMARK [2][-]{subsection.3.0.12}{Ejemplos y Soluciones}{subsection.3.0.11}% 15
\BOOKMARK [2][-]{subsection.3.0.13}{Desarrollo}{subsection.3.0.11}% 16
\BOOKMARK [2][-]{subsection.3.0.14}{Complejidad}{subsection.3.0.11}% 17
\BOOKMARK [2][-]{subsection.3.0.15}{Experimentacion}{subsection.3.0.11}% 18
\BOOKMARK [0][-]{chapter.4}{Ap\351ndice}{}% 19
\BOOKMARK [1][-]{section.4.1}{Medicion de los tiempos}{chapter.4}% 20
\BOOKMARK [1][-]{section.4.2}{C\363digo Fuente}{chapter.4}% 21
\BOOKMARK [2][-]{subsection.4.2.1}{Ej1.cpp}{section.4.2}% 22
\BOOKMARK [2][-]{subsection.4.2.2}{Ej2.cpp}{section.4.2}% 23
\BOOKMARK [2][-]{subsection.4.2.3}{Ej3.cpp}{section.4.2}% 24
