This is pdfTeX, Version 3.14159265-2.6-1.40.15 (TeX Live 2014) (preloaded format=pdflatex 2014.9.30)  17 NOV 2014 01:21
entering extended mode
 restricted \write18 enabled.
 file:line:error style messages enabled.
 %&-line parsing enabled.
**informe.tex
(./informe.tex
LaTeX2e <2014/05/01>
Babel <3.9k> and hyphenation patterns for 78 languages loaded.
(/usr/local/texlive/2014/texmf-dist/tex/latex/base/report.cls
Document Class: report 2007/10/19 v1.4h Standard LaTeX document class
(/usr/local/texlive/2014/texmf-dist/tex/latex/base/size11.clo
File: size11.clo 2007/10/19 v1.4h Standard LaTeX file (size option)
)
\c@part=\count79
\c@chapter=\count80
\c@section=\count81
\c@subsection=\count82
\c@subsubsection=\count83
\c@paragraph=\count84
\c@subparagraph=\count85
\c@figure=\count86
\c@table=\count87
\abovecaptionskip=\skip41
\belowcaptionskip=\skip42
\bibindent=\dimen102
)
(/usr/local/texlive/2014/texmf-dist/tex/latex/amsfonts/amsfonts.sty
Package: amsfonts 2013/01/14 v3.01 Basic AMSFonts support
\@emptytoks=\toks14
\symAMSa=\mathgroup4
\symAMSb=\mathgroup5
LaTeX Font Info:    Overwriting math alphabet `\mathfrak' in version `bold'
(Font)                  U/euf/m/n --> U/euf/b/n on input line 106.
)
(/usr/local/texlive/2014/texmf-dist/tex/latex/amsmath/amsmath.sty
Package: amsmath 2013/01/14 v2.14 AMS math features
\@mathmargin=\skip43

For additional information on amsmath, use the `?' option.
(/usr/local/texlive/2014/texmf-dist/tex/latex/amsmath/amstext.sty
Package: amstext 2000/06/29 v2.01

(/usr/local/texlive/2014/texmf-dist/tex/latex/amsmath/amsgen.sty
File: amsgen.sty 1999/11/30 v2.0
\@emptytoks=\toks15
\ex@=\dimen103
))
(/usr/local/texlive/2014/texmf-dist/tex/latex/amsmath/amsbsy.sty
Package: amsbsy 1999/11/29 v1.2d
\pmbraise@=\dimen104
)
(/usr/local/texlive/2014/texmf-dist/tex/latex/amsmath/amsopn.sty
Package: amsopn 1999/12/14 v2.01 operator names
)
\inf@bad=\count88
LaTeX Info: Redefining \frac on input line 210.
\uproot@=\count89
\leftroot@=\count90
LaTeX Info: Redefining \overline on input line 306.
\classnum@=\count91
\DOTSCASE@=\count92
LaTeX Info: Redefining \ldots on input line 378.
LaTeX Info: Redefining \dots on input line 381.
LaTeX Info: Redefining \cdots on input line 466.
\Mathstrutbox@=\box26
\strutbox@=\box27
\big@size=\dimen105
LaTeX Font Info:    Redeclaring font encoding OML on input line 566.
LaTeX Font Info:    Redeclaring font encoding OMS on input line 567.
\macc@depth=\count93
\c@MaxMatrixCols=\count94
\dotsspace@=\muskip10
\c@parentequation=\count95
\dspbrk@lvl=\count96
\tag@help=\toks16
\row@=\count97
\column@=\count98
\maxfields@=\count99
\andhelp@=\toks17
\eqnshift@=\dimen106
\alignsep@=\dimen107
\tagshift@=\dimen108
\tagwidth@=\dimen109
\totwidth@=\dimen110
\lineht@=\dimen111
\@envbody=\toks18
\multlinegap=\skip44
\multlinetaggap=\skip45
\mathdisplay@stack=\toks19
LaTeX Info: Redefining \[ on input line 2665.
LaTeX Info: Redefining \] on input line 2666.
)
(/usr/local/texlive/2014/texmf-dist/tex/latex/amsfonts/amssymb.sty
Package: amssymb 2013/01/14 v3.01 AMS font symbols
)
(/usr/local/texlive/2014/texmf-dist/tex/latex/amscls/amsthm.sty
Package: amsthm 2004/08/06 v2.20
\thm@style=\toks20
\thm@bodyfont=\toks21
\thm@headfont=\toks22
\thm@notefont=\toks23
\thm@headpunct=\toks24
\thm@preskip=\skip46
\thm@postskip=\skip47
\thm@headsep=\skip48
\dth@everypar=\toks25
)
(/usr/local/texlive/2014/texmf-dist/tex/latex/base/fontenc.sty
Package: fontenc 2005/09/27 v1.99g Standard LaTeX package

(/usr/local/texlive/2014/texmf-dist/tex/latex/base/t1enc.def
File: t1enc.def 2005/09/27 v1.99g Standard LaTeX file
LaTeX Font Info:    Redeclaring font encoding T1 on input line 43.
))
(/usr/local/texlive/2014/texmf-dist/tex/latex/base/inputenc.sty
Package: inputenc 2014/04/30 v1.2b Input encoding file
\inpenc@prehook=\toks26
\inpenc@posthook=\toks27

(/usr/local/texlive/2014/texmf-dist/tex/latex/base/latin1.def
File: latin1.def 2014/04/30 v1.2b Input encoding file
))
(/usr/local/texlive/2014/texmf-dist/tex/generic/babel/babel.sty
Package: babel 2014/03/24 3.9k The Babel package

(/usr/local/texlive/2014/texmf-dist/tex/generic/babel-spanish/spanish.ldf
Language: spanish.ldf 2014/04/24 v5.0n Spanish support from the babel system

(/usr/local/texlive/2014/texmf-dist/tex/generic/babel/babel.def
File: babel.def 2014/03/24 3.9k Babel common definitions
\babel@savecnt=\count100
\U@D=\dimen112
)
\es@quottoks=\toks28
\es@quotdepth=\count101
Package babel Info: Making " an active character on input line 516.
Package babel Info: Making . an active character on input line 617.
Package babel Info: Making < an active character on input line 662.
Package babel Info: Making > an active character on input line 662.
))
(./caratula.sty
Package: caratula 2003/4/13 v0.1 Para componer caratulas de TPs del DC

Cargando package 'caratula' v0.2 (21/4/2003)
\intlist=\toks29
) (/usr/local/texlive/2014/texmf-dist/tex/latex/framed/framed.sty
Package: framed 2011/10/22 v 0.96: framed or shaded text with page breaks
\OuterFrameSep=\skip49
\fb@frw=\dimen113
\fb@frh=\dimen114
\FrameRule=\dimen115
\FrameSep=\dimen116
)
(/usr/local/texlive/2014/texmf-dist/tex/latex/caption/caption.sty
Package: caption 2013/05/02 v3.3-89 Customizing captions (AR)

(/usr/local/texlive/2014/texmf-dist/tex/latex/caption/caption3.sty
Package: caption3 2013/05/02 v1.6-88 caption3 kernel (AR)
Package caption3 Info: TeX engine: e-TeX on input line 57.

(/usr/local/texlive/2014/texmf-dist/tex/latex/graphics/keyval.sty
Package: keyval 2014/05/08 v1.15 key=value parser (DPC)
\KV@toks@=\toks30
)
\captionmargin=\dimen117
\captionmargin@=\dimen118
\captionwidth=\dimen119
\caption@tempdima=\dimen120
\caption@indent=\dimen121
\caption@parindent=\dimen122
\caption@hangindent=\dimen123
)
\c@ContinuedFloat=\count102
)
(/usr/local/texlive/2014/texmf-dist/tex/latex/fancyhdr/fancyhdr.sty
\fancy@headwidth=\skip50
\f@ncyO@elh=\skip51
\f@ncyO@erh=\skip52
\f@ncyO@olh=\skip53
\f@ncyO@orh=\skip54
\f@ncyO@elf=\skip55
\f@ncyO@erf=\skip56
\f@ncyO@olf=\skip57
\f@ncyO@orf=\skip58
)
(./lastpage.sty
Package: lastpage 1994/06/25 v0.1b LaTeX2e package for refs to last page number
 (JPG)
)
(/usr/local/texlive/2014/texmf-dist/tex/latex/hyperref/hyperref.sty
Package: hyperref 2012/11/06 v6.83m Hypertext links for LaTeX

(/usr/local/texlive/2014/texmf-dist/tex/generic/oberdiek/hobsub-hyperref.sty
Package: hobsub-hyperref 2012/05/28 v1.13 Bundle oberdiek, subset hyperref (HO)


(/usr/local/texlive/2014/texmf-dist/tex/generic/oberdiek/hobsub-generic.sty
Package: hobsub-generic 2012/05/28 v1.13 Bundle oberdiek, subset generic (HO)
Package: hobsub 2012/05/28 v1.13 Construct package bundles (HO)
Package: infwarerr 2010/04/08 v1.3 Providing info/warning/error messages (HO)
Package: ltxcmds 2011/11/09 v1.22 LaTeX kernel commands for general use (HO)
Package: ifluatex 2010/03/01 v1.3 Provides the ifluatex switch (HO)
Package ifluatex Info: LuaTeX not detected.
Package: ifvtex 2010/03/01 v1.5 Detect VTeX and its facilities (HO)
Package ifvtex Info: VTeX not detected.
Package: intcalc 2007/09/27 v1.1 Expandable calculations with integers (HO)
Package: ifpdf 2011/01/30 v2.3 Provides the ifpdf switch (HO)
Package ifpdf Info: pdfTeX in PDF mode is detected.
Package: etexcmds 2011/02/16 v1.5 Avoid name clashes with e-TeX commands (HO)
Package etexcmds Info: Could not find \expanded.
(etexcmds)             That can mean that you are not using pdfTeX 1.50 or
(etexcmds)             that some package has redefined \expanded.
(etexcmds)             In the latter case, load this package earlier.
Package: kvsetkeys 2012/04/25 v1.16 Key value parser (HO)
Package: kvdefinekeys 2011/04/07 v1.3 Define keys (HO)
Package: pdftexcmds 2011/11/29 v0.20 Utility functions of pdfTeX for LuaTeX (HO
)
Package pdftexcmds Info: LuaTeX not detected.
Package pdftexcmds Info: \pdf@primitive is available.
Package pdftexcmds Info: \pdf@ifprimitive is available.
Package pdftexcmds Info: \pdfdraftmode found.
Package: pdfescape 2011/11/25 v1.13 Implements pdfTeX's escape features (HO)
Package: bigintcalc 2012/04/08 v1.3 Expandable calculations on big integers (HO
)
Package: bitset 2011/01/30 v1.1 Handle bit-vector datatype (HO)
Package: uniquecounter 2011/01/30 v1.2 Provide unlimited unique counter (HO)
)
Package hobsub Info: Skipping package `hobsub' (already loaded).
Package: letltxmacro 2010/09/02 v1.4 Let assignment for LaTeX macros (HO)
Package: hopatch 2012/05/28 v1.2 Wrapper for package hooks (HO)
Package: xcolor-patch 2011/01/30 xcolor patch
Package: atveryend 2011/06/30 v1.8 Hooks at the very end of document (HO)
Package atveryend Info: \enddocument detected (standard20110627).
Package: atbegshi 2011/10/05 v1.16 At begin shipout hook (HO)
Package: refcount 2011/10/16 v3.4 Data extraction from label references (HO)
Package: hycolor 2011/01/30 v1.7 Color options for hyperref/bookmark (HO)
)
(/usr/local/texlive/2014/texmf-dist/tex/generic/ifxetex/ifxetex.sty
Package: ifxetex 2010/09/12 v0.6 Provides ifxetex conditional
)
(/usr/local/texlive/2014/texmf-dist/tex/latex/oberdiek/auxhook.sty
Package: auxhook 2011/03/04 v1.3 Hooks for auxiliary files (HO)
)
(/usr/local/texlive/2014/texmf-dist/tex/latex/oberdiek/kvoptions.sty
Package: kvoptions 2011/06/30 v3.11 Key value format for package options (HO)
)
\@linkdim=\dimen124
\Hy@linkcounter=\count103
\Hy@pagecounter=\count104

(/usr/local/texlive/2014/texmf-dist/tex/latex/hyperref/pd1enc.def
File: pd1enc.def 2012/11/06 v6.83m Hyperref: PDFDocEncoding definition (HO)
)
\Hy@SavedSpaceFactor=\count105

(/usr/local/texlive/2014/texmf-dist/tex/latex/latexconfig/hyperref.cfg
File: hyperref.cfg 2002/06/06 v1.2 hyperref configuration of TeXLive
)
Package hyperref Info: Hyper figures OFF on input line 4443.
Package hyperref Info: Link nesting OFF on input line 4448.
Package hyperref Info: Hyper index ON on input line 4451.
Package hyperref Info: Plain pages OFF on input line 4458.
Package hyperref Info: Backreferencing OFF on input line 4463.
Package hyperref Info: Implicit mode ON; LaTeX internals redefined.
Package hyperref Info: Bookmarks ON on input line 4688.
\c@Hy@tempcnt=\count106

(/usr/local/texlive/2014/texmf-dist/tex/latex/url/url.sty
\Urlmuskip=\muskip11
Package: url 2013/09/16  ver 3.4  Verb mode for urls, etc.
)
LaTeX Info: Redefining \url on input line 5041.
\XeTeXLinkMargin=\dimen125
\Fld@menulength=\count107
\Field@Width=\dimen126
\Fld@charsize=\dimen127
Package hyperref Info: Hyper figures OFF on input line 6295.
Package hyperref Info: Link nesting OFF on input line 6300.
Package hyperref Info: Hyper index ON on input line 6303.
Package hyperref Info: backreferencing OFF on input line 6310.
Package hyperref Info: Link coloring OFF on input line 6315.
Package hyperref Info: Link coloring with OCG OFF on input line 6320.
Package hyperref Info: PDF/A mode OFF on input line 6325.
LaTeX Info: Redefining \ref on input line 6365.
LaTeX Info: Redefining \pageref on input line 6369.
\Hy@abspage=\count108
\c@Item=\count109
\c@Hfootnote=\count110
)

Package hyperref Message: Driver (autodetected): hpdftex.

(/usr/local/texlive/2014/texmf-dist/tex/latex/hyperref/hpdftex.def
File: hpdftex.def 2012/11/06 v6.83m Hyperref driver for pdfTeX
\Fld@listcount=\count111
\c@bookmark@seq@number=\count112

(/usr/local/texlive/2014/texmf-dist/tex/latex/oberdiek/rerunfilecheck.sty
Package: rerunfilecheck 2011/04/15 v1.7 Rerun checks for auxiliary files (HO)
Package uniquecounter Info: New unique counter `rerunfilecheck' on input line 2
82.
)
\Hy@SectionHShift=\skip59
)
(/usr/local/texlive/2014/texmf-dist/tex/latex/graphics/graphicx.sty
Package: graphicx 2014/04/25 v1.0g Enhanced LaTeX Graphics (DPC,SPQR)

(/usr/local/texlive/2014/texmf-dist/tex/latex/graphics/graphics.sty
Package: graphics 2009/02/05 v1.0o Standard LaTeX Graphics (DPC,SPQR)

(/usr/local/texlive/2014/texmf-dist/tex/latex/graphics/trig.sty
Package: trig 1999/03/16 v1.09 sin cos tan (DPC)
)
(/usr/local/texlive/2014/texmf-dist/tex/latex/latexconfig/graphics.cfg
File: graphics.cfg 2010/04/23 v1.9 graphics configuration of TeX Live
)
Package graphics Info: Driver file: pdftex.def on input line 91.

(/usr/local/texlive/2014/texmf-dist/tex/latex/pdftex-def/pdftex.def
File: pdftex.def 2011/05/27 v0.06d Graphics/color for pdfTeX
\Gread@gobject=\count113
))
\Gin@req@height=\dimen128
\Gin@req@width=\dimen129
)
(/usr/local/texlive/2014/texmf-dist/tex/latex/pgf/frontendlayer/tikz.sty
(/usr/local/texlive/2014/texmf-dist/tex/latex/pgf/basiclayer/pgf.sty
(/usr/local/texlive/2014/texmf-dist/tex/latex/pgf/utilities/pgfrcs.sty
(/usr/local/texlive/2014/texmf-dist/tex/generic/pgf/utilities/pgfutil-common.te
x
\pgfutil@everybye=\toks31
\pgfutil@tempdima=\dimen130
\pgfutil@tempdimb=\dimen131

(/usr/local/texlive/2014/texmf-dist/tex/generic/pgf/utilities/pgfutil-common-li
sts.tex))
(/usr/local/texlive/2014/texmf-dist/tex/generic/pgf/utilities/pgfutil-latex.def
\pgfutil@abb=\box28
(/usr/local/texlive/2014/texmf-dist/tex/latex/ms/everyshi.sty
Package: everyshi 2001/05/15 v3.00 EveryShipout Package (MS)
))
(/usr/local/texlive/2014/texmf-dist/tex/generic/pgf/utilities/pgfrcs.code.tex
Package: pgfrcs 2013/12/20 v3.0.0 (rcs-revision 1.28)
))
Package: pgf 2013/12/18 v3.0.0 (rcs-revision 1.14)
(/usr/local/texlive/2014/texmf-dist/tex/latex/pgf/basiclayer/pgfcore.sty
(/usr/local/texlive/2014/texmf-dist/tex/latex/pgf/systemlayer/pgfsys.sty
(/usr/local/texlive/2014/texmf-dist/tex/generic/pgf/systemlayer/pgfsys.code.tex
Package: pgfsys 2013/11/30 v3.0.0 (rcs-revision 1.47)
(/usr/local/texlive/2014/texmf-dist/tex/generic/pgf/utilities/pgfkeys.code.tex
\pgfkeys@pathtoks=\toks32
\pgfkeys@temptoks=\toks33

(/usr/local/texlive/2014/texmf-dist/tex/generic/pgf/utilities/pgfkeysfiltered.c
ode.tex
\pgfkeys@tmptoks=\toks34
))
\pgf@x=\dimen132
\pgf@y=\dimen133
\pgf@xa=\dimen134
\pgf@ya=\dimen135
\pgf@xb=\dimen136
\pgf@yb=\dimen137
\pgf@xc=\dimen138
\pgf@yc=\dimen139
\w@pgf@writea=\write3
\r@pgf@reada=\read1
\c@pgf@counta=\count114
\c@pgf@countb=\count115
\c@pgf@countc=\count116
\c@pgf@countd=\count117
\t@pgf@toka=\toks35
\t@pgf@tokb=\toks36
\t@pgf@tokc=\toks37

(/usr/local/texlive/2014/texmf-dist/tex/generic/pgf/systemlayer/pgf.cfg
File: pgf.cfg 2008/05/14  (rcs-revision 1.7)
)
Driver file for pgf: pgfsys-pdftex.def

(/usr/local/texlive/2014/texmf-dist/tex/generic/pgf/systemlayer/pgfsys-pdftex.d
ef
File: pgfsys-pdftex.def 2013/07/18  (rcs-revision 1.33)

(/usr/local/texlive/2014/texmf-dist/tex/generic/pgf/systemlayer/pgfsys-common-p
df.def
File: pgfsys-common-pdf.def 2013/10/10  (rcs-revision 1.13)
)))
(/usr/local/texlive/2014/texmf-dist/tex/generic/pgf/systemlayer/pgfsyssoftpath.
code.tex
File: pgfsyssoftpath.code.tex 2013/09/09  (rcs-revision 1.9)
\pgfsyssoftpath@smallbuffer@items=\count118
\pgfsyssoftpath@bigbuffer@items=\count119
)
(/usr/local/texlive/2014/texmf-dist/tex/generic/pgf/systemlayer/pgfsysprotocol.
code.tex
File: pgfsysprotocol.code.tex 2006/10/16  (rcs-revision 1.4)
)) (/usr/local/texlive/2014/texmf-dist/tex/latex/xcolor/xcolor.sty
Package: xcolor 2007/01/21 v2.11 LaTeX color extensions (UK)

(/usr/local/texlive/2014/texmf-dist/tex/latex/latexconfig/color.cfg
File: color.cfg 2007/01/18 v1.5 color configuration of teTeX/TeXLive
)
Package xcolor Info: Driver file: pdftex.def on input line 225.
Package xcolor Info: Model `cmy' substituted by `cmy0' on input line 1337.
Package xcolor Info: Model `hsb' substituted by `rgb' on input line 1341.
Package xcolor Info: Model `RGB' extended on input line 1353.
Package xcolor Info: Model `HTML' substituted by `rgb' on input line 1355.
Package xcolor Info: Model `Hsb' substituted by `hsb' on input line 1356.
Package xcolor Info: Model `tHsb' substituted by `hsb' on input line 1357.
Package xcolor Info: Model `HSB' substituted by `hsb' on input line 1358.
Package xcolor Info: Model `Gray' substituted by `gray' on input line 1359.
Package xcolor Info: Model `wave' substituted by `hsb' on input line 1360.
)
(/usr/local/texlive/2014/texmf-dist/tex/generic/pgf/basiclayer/pgfcore.code.tex
Package: pgfcore 2010/04/11 v3.0.0 (rcs-revision 1.7)
(/usr/local/texlive/2014/texmf-dist/tex/generic/pgf/math/pgfmath.code.tex
(/usr/local/texlive/2014/texmf-dist/tex/generic/pgf/math/pgfmathcalc.code.tex
(/usr/local/texlive/2014/texmf-dist/tex/generic/pgf/math/pgfmathutil.code.tex)
(/usr/local/texlive/2014/texmf-dist/tex/generic/pgf/math/pgfmathparser.code.tex
\pgfmath@dimen=\dimen140
\pgfmath@count=\count120
\pgfmath@box=\box29
\pgfmath@toks=\toks38
\pgfmath@stack@operand=\toks39
\pgfmath@stack@operation=\toks40
)
(/usr/local/texlive/2014/texmf-dist/tex/generic/pgf/math/pgfmathfunctions.code.
tex
(/usr/local/texlive/2014/texmf-dist/tex/generic/pgf/math/pgfmathfunctions.basic
.code.tex)
(/usr/local/texlive/2014/texmf-dist/tex/generic/pgf/math/pgfmathfunctions.trigo
nometric.code.tex)
(/usr/local/texlive/2014/texmf-dist/tex/generic/pgf/math/pgfmathfunctions.rando
m.code.tex)
(/usr/local/texlive/2014/texmf-dist/tex/generic/pgf/math/pgfmathfunctions.compa
rison.code.tex)
(/usr/local/texlive/2014/texmf-dist/tex/generic/pgf/math/pgfmathfunctions.base.
code.tex)
(/usr/local/texlive/2014/texmf-dist/tex/generic/pgf/math/pgfmathfunctions.round
.code.tex)
(/usr/local/texlive/2014/texmf-dist/tex/generic/pgf/math/pgfmathfunctions.misc.
code.tex)
(/usr/local/texlive/2014/texmf-dist/tex/generic/pgf/math/pgfmathfunctions.integ
erarithmetics.code.tex)))
(/usr/local/texlive/2014/texmf-dist/tex/generic/pgf/math/pgfmathfloat.code.tex
\c@pgfmathroundto@lastzeros=\count121
))
(/usr/local/texlive/2014/texmf-dist/tex/generic/pgf/basiclayer/pgfcorepoints.co
de.tex
File: pgfcorepoints.code.tex 2013/10/07  (rcs-revision 1.27)
\pgf@picminx=\dimen141
\pgf@picmaxx=\dimen142
\pgf@picminy=\dimen143
\pgf@picmaxy=\dimen144
\pgf@pathminx=\dimen145
\pgf@pathmaxx=\dimen146
\pgf@pathminy=\dimen147
\pgf@pathmaxy=\dimen148
\pgf@xx=\dimen149
\pgf@xy=\dimen150
\pgf@yx=\dimen151
\pgf@yy=\dimen152
\pgf@zx=\dimen153
\pgf@zy=\dimen154
)
(/usr/local/texlive/2014/texmf-dist/tex/generic/pgf/basiclayer/pgfcorepathconst
ruct.code.tex
File: pgfcorepathconstruct.code.tex 2013/10/07  (rcs-revision 1.29)
\pgf@path@lastx=\dimen155
\pgf@path@lasty=\dimen156
)
(/usr/local/texlive/2014/texmf-dist/tex/generic/pgf/basiclayer/pgfcorepathusage
.code.tex
File: pgfcorepathusage.code.tex 2013/12/13  (rcs-revision 1.23)
\pgf@shorten@end@additional=\dimen157
\pgf@shorten@start@additional=\dimen158
)
(/usr/local/texlive/2014/texmf-dist/tex/generic/pgf/basiclayer/pgfcorescopes.co
de.tex
File: pgfcorescopes.code.tex 2013/10/09  (rcs-revision 1.44)
\pgfpic=\box30
\pgf@hbox=\box31
\pgf@layerbox@main=\box32
\pgf@picture@serial@count=\count122
)
(/usr/local/texlive/2014/texmf-dist/tex/generic/pgf/basiclayer/pgfcoregraphicst
ate.code.tex
File: pgfcoregraphicstate.code.tex 2013/09/19  (rcs-revision 1.11)
\pgflinewidth=\dimen159
)
(/usr/local/texlive/2014/texmf-dist/tex/generic/pgf/basiclayer/pgfcoretransform
ations.code.tex
File: pgfcoretransformations.code.tex 2013/10/10  (rcs-revision 1.17)
\pgf@pt@x=\dimen160
\pgf@pt@y=\dimen161
\pgf@pt@temp=\dimen162
)
(/usr/local/texlive/2014/texmf-dist/tex/generic/pgf/basiclayer/pgfcorequick.cod
e.tex
File: pgfcorequick.code.tex 2008/10/09  (rcs-revision 1.3)
)
(/usr/local/texlive/2014/texmf-dist/tex/generic/pgf/basiclayer/pgfcoreobjects.c
ode.tex
File: pgfcoreobjects.code.tex 2006/10/11  (rcs-revision 1.2)
)
(/usr/local/texlive/2014/texmf-dist/tex/generic/pgf/basiclayer/pgfcorepathproce
ssing.code.tex
File: pgfcorepathprocessing.code.tex 2013/09/09  (rcs-revision 1.9)
)
(/usr/local/texlive/2014/texmf-dist/tex/generic/pgf/basiclayer/pgfcorearrows.co
de.tex
File: pgfcorearrows.code.tex 2013/11/07  (rcs-revision 1.40)
\pgfarrowsep=\dimen163
)
(/usr/local/texlive/2014/texmf-dist/tex/generic/pgf/basiclayer/pgfcoreshade.cod
e.tex
File: pgfcoreshade.code.tex 2013/07/15  (rcs-revision 1.15)
\pgf@max=\dimen164
\pgf@sys@shading@range@num=\count123
)
(/usr/local/texlive/2014/texmf-dist/tex/generic/pgf/basiclayer/pgfcoreimage.cod
e.tex
File: pgfcoreimage.code.tex 2013/07/15  (rcs-revision 1.18)

(/usr/local/texlive/2014/texmf-dist/tex/generic/pgf/basiclayer/pgfcoreexternal.
code.tex
File: pgfcoreexternal.code.tex 2013/07/15  (rcs-revision 1.20)
\pgfexternal@startupbox=\box33
))
(/usr/local/texlive/2014/texmf-dist/tex/generic/pgf/basiclayer/pgfcorelayers.co
de.tex
File: pgfcorelayers.code.tex 2013/07/18  (rcs-revision 1.7)
)
(/usr/local/texlive/2014/texmf-dist/tex/generic/pgf/basiclayer/pgfcoretranspare
ncy.code.tex
File: pgfcoretransparency.code.tex 2013/09/30  (rcs-revision 1.5)
)
(/usr/local/texlive/2014/texmf-dist/tex/generic/pgf/basiclayer/pgfcorepatterns.
code.tex
File: pgfcorepatterns.code.tex 2013/11/07  (rcs-revision 1.5)
)))
(/usr/local/texlive/2014/texmf-dist/tex/generic/pgf/modules/pgfmoduleshapes.cod
e.tex
File: pgfmoduleshapes.code.tex 2013/10/31  (rcs-revision 1.34)
\pgfnodeparttextbox=\box34
)
(/usr/local/texlive/2014/texmf-dist/tex/generic/pgf/modules/pgfmoduleplot.code.
tex
File: pgfmoduleplot.code.tex 2013/07/31  (rcs-revision 1.12)
)
(/usr/local/texlive/2014/texmf-dist/tex/latex/pgf/compatibility/pgfcomp-version
-0-65.sty
Package: pgfcomp-version-0-65 2007/07/03 v3.0.0 (rcs-revision 1.7)
\pgf@nodesepstart=\dimen165
\pgf@nodesepend=\dimen166
)
(/usr/local/texlive/2014/texmf-dist/tex/latex/pgf/compatibility/pgfcomp-version
-1-18.sty
Package: pgfcomp-version-1-18 2007/07/23 v3.0.0 (rcs-revision 1.1)
))
(/usr/local/texlive/2014/texmf-dist/tex/latex/pgf/utilities/pgffor.sty
(/usr/local/texlive/2014/texmf-dist/tex/latex/pgf/utilities/pgfkeys.sty
(/usr/local/texlive/2014/texmf-dist/tex/generic/pgf/utilities/pgfkeys.code.tex)
) (/usr/local/texlive/2014/texmf-dist/tex/latex/pgf/math/pgfmath.sty
(/usr/local/texlive/2014/texmf-dist/tex/generic/pgf/math/pgfmath.code.tex))
(/usr/local/texlive/2014/texmf-dist/tex/generic/pgf/utilities/pgffor.code.tex
Package: pgffor 2013/12/13 v3.0.0 (rcs-revision 1.25)

(/usr/local/texlive/2014/texmf-dist/tex/generic/pgf/math/pgfmath.code.tex)
\pgffor@iter=\dimen167
\pgffor@skip=\dimen168
\pgffor@stack=\toks41
\pgffor@toks=\toks42
))
(/usr/local/texlive/2014/texmf-dist/tex/generic/pgf/frontendlayer/tikz/tikz.cod
e.tex
Package: tikz 2013/12/13 v3.0.0 (rcs-revision 1.142)

(/usr/local/texlive/2014/texmf-dist/tex/generic/pgf/libraries/pgflibraryplothan
dlers.code.tex
File: pgflibraryplothandlers.code.tex 2013/08/31 v3.0.0 (rcs-revision 1.20)
\pgf@plot@mark@count=\count124
\pgfplotmarksize=\dimen169
)
\tikz@lastx=\dimen170
\tikz@lasty=\dimen171
\tikz@lastxsaved=\dimen172
\tikz@lastysaved=\dimen173
\tikzleveldistance=\dimen174
\tikzsiblingdistance=\dimen175
\tikz@figbox=\box35
\tikz@figbox@bg=\box36
\tikz@tempbox=\box37
\tikz@tempbox@bg=\box38
\tikztreelevel=\count125
\tikznumberofchildren=\count126
\tikznumberofcurrentchild=\count127
\tikz@fig@count=\count128

(/usr/local/texlive/2014/texmf-dist/tex/generic/pgf/modules/pgfmodulematrix.cod
e.tex
File: pgfmodulematrix.code.tex 2013/09/17  (rcs-revision 1.8)
\pgfmatrixcurrentrow=\count129
\pgfmatrixcurrentcolumn=\count130
\pgf@matrix@numberofcolumns=\count131
)
\tikz@expandcount=\count132

(/usr/local/texlive/2014/texmf-dist/tex/generic/pgf/frontendlayer/tikz/librarie
s/tikzlibrarytopaths.code.tex
File: tikzlibrarytopaths.code.tex 2008/06/17 v3.0.0 (rcs-revision 1.2)
)))
(/usr/local/texlive/2014/texmf-dist/tex/latex/listings/listings.sty
\lst@mode=\count133
\lst@gtempboxa=\box39
\lst@token=\toks43
\lst@length=\count134
\lst@currlwidth=\dimen176
\lst@column=\count135
\lst@pos=\count136
\lst@lostspace=\dimen177
\lst@width=\dimen178
\lst@newlines=\count137
\lst@lineno=\count138
\lst@maxwidth=\dimen179

(/usr/local/texlive/2014/texmf-dist/tex/latex/listings/lstmisc.sty
File: lstmisc.sty 2014/03/04 1.5c (Carsten Heinz)
\c@lstnumber=\count139
\lst@skipnumbers=\count140
\lst@framebox=\box40
)
(/usr/local/texlive/2014/texmf-dist/tex/latex/listings/listings.cfg
File: listings.cfg 2014/03/04 1.5c listings configuration
))
Package: listings 2014/03/04 1.5c (Carsten Heinz)

(./algorithmic.sty
Package: algorithmic 

Document Style `algorithmic' - environment
(/usr/local/texlive/2014/texmf-dist/tex/latex/base/ifthen.sty
Package: ifthen 2001/05/26 v1.1c Standard LaTeX ifthen package (DPC)
)
(/usr/local/texlive/2014/texmf-dist/tex/latex/tools/calc.sty
Package: calc 2007/08/22 v4.3 Infix arithmetic (KKT,FJ)
\calc@Acount=\count141
\calc@Bcount=\count142
\calc@Adimen=\dimen180
\calc@Bdimen=\dimen181
\calc@Askip=\skip60
\calc@Bskip=\skip61
LaTeX Info: Redefining \setlength on input line 75.
LaTeX Info: Redefining \addtolength on input line 76.
\calc@Ccount=\count143
\calc@Cskip=\skip62
)
\c@ALC@line=\count144
\c@ALC@rem=\count145
\ALC@tlm=\skip63
) (./algorithm.sty
Package: algorithm 
Document Style `algorithm' - floating environment
(/usr/local/texlive/2014/texmf-dist/tex/latex/float/float.sty
Package: float 2001/11/08 v1.3d Float enhancements (AL)
\c@float@type=\count146
\float@exts=\toks44
\float@box=\box41
\@float@everytoks=\toks45
\@floatcapt=\box42
)
\@float@every@algorithm=\toks46
\c@algorithm=\count147
)
(/usr/local/texlive/2014/texmf-dist/tex/latex/tools/enumerate.sty
Package: enumerate 1999/03/05 v3.00 enumerate extensions (DPC)
\@enLab=\toks47
)
(/usr/local/texlive/2014/texmf-dist/tex/latex/titlesec/titlesec.sty
Package: titlesec 2011/12/15 v2.10.0 Sectioning titles
\ttl@box=\box43
\beforetitleunit=\skip64
\aftertitleunit=\skip65
\ttl@plus=\dimen182
\ttl@minus=\dimen183
\ttl@toksa=\toks48
\titlewidth=\dimen184
\titlewidthlast=\dimen185
\titlewidthfirst=\dimen186
)
(./colortbl.sty
Package: colortbl 1996/10/12 v0.1g Color table columns (DPC)
 (/usr/local/texlive/2014/texmf-dist/tex/latex/tools/array.sty
Package: array 2008/09/09 v2.4c Tabular extension package (FMi)
\col@sep=\dimen187
\extrarowheight=\dimen188
\NC@list=\toks49
\extratabsurround=\skip66
\backup@length=\skip67
)
\everycr=\toks50
\minrowclearance=\skip68
)
\c@thm=\count148
\c@defn=\count149
\c@conj=\count150
\c@exmp=\count151
(/usr/local/texlive/2014/texmf-dist/tex/latex/eqparbox/eqparbox.sty
Package: eqparbox 2013/03/15 v4.0 Create equal-widthed boxes
\eqp@tempdima=\skip69
\eqp@tempdimb=\skip70
\eqp@tabular@box=\box44
\eqp@list@box=\box45
\eqp@list@indent=\skip71

(/usr/local/texlive/2014/texmf-dist/tex/latex/environ/environ.sty
Package: environ 2014/05/04 v0.3 A new way to define environments

(/usr/local/texlive/2014/texmf-dist/tex/latex/trimspaces/trimspaces.sty
Package: trimspaces 2009/09/17 v1.1 Trim spaces around a token list
)))
\c@auxiliar=\count152

(./informe.aux
LaTeX Info: Redefining \. on input line 23.
LaTeX Info: Redefining \% on input line 23.
)
\openout1 = `informe.aux'.

LaTeX Font Info:    Checking defaults for OML/cmm/m/it on input line 156.
LaTeX Font Info:    ... okay on input line 156.
LaTeX Font Info:    Checking defaults for T1/cmr/m/n on input line 156.
LaTeX Font Info:    ... okay on input line 156.
LaTeX Font Info:    Checking defaults for OT1/cmr/m/n on input line 156.
LaTeX Font Info:    ... okay on input line 156.
LaTeX Font Info:    Checking defaults for OMS/cmsy/m/n on input line 156.
LaTeX Font Info:    ... okay on input line 156.
LaTeX Font Info:    Checking defaults for OMX/cmex/m/n on input line 156.
LaTeX Font Info:    ... okay on input line 156.
LaTeX Font Info:    Checking defaults for U/cmr/m/n on input line 156.
LaTeX Font Info:    ... okay on input line 156.
LaTeX Font Info:    Checking defaults for PD1/pdf/m/n on input line 156.
LaTeX Font Info:    ... okay on input line 156.
LaTeX Info: Redefining \. on input line 156.
LaTeX Info: Redefining \% on input line 156.
Package caption Info: Begin \AtBeginDocument code.
Package caption Info: float package is loaded.
Package caption Info: hyperref package is loaded.
Package caption Info: listings package is loaded.
Package caption Info: End \AtBeginDocument code.
\AtBeginShipoutBox=\box46
Package hyperref Info: Link coloring OFF on input line 156.

(/usr/local/texlive/2014/texmf-dist/tex/latex/hyperref/nameref.sty
Package: nameref 2012/10/27 v2.43 Cross-referencing by name of section

(/usr/local/texlive/2014/texmf-dist/tex/generic/oberdiek/gettitlestring.sty
Package: gettitlestring 2010/12/03 v1.4 Cleanup title references (HO)
)
\c@section@level=\count153
)
LaTeX Info: Redefining \ref on input line 156.
LaTeX Info: Redefining \pageref on input line 156.
LaTeX Info: Redefining \nameref on input line 156.

(./informe.out) (./informe.out)
\@outlinefile=\write4
\openout4 = `informe.out'.


(/usr/local/texlive/2014/texmf-dist/tex/context/base/supp-pdf.mkii
[Loading MPS to PDF converter (version 2006.09.02).]
\scratchcounter=\count154
\scratchdimen=\dimen189
\scratchbox=\box47
\nofMPsegments=\count155
\nofMParguments=\count156
\everyMPshowfont=\toks51
\MPscratchCnt=\count157
\MPscratchDim=\dimen190
\MPnumerator=\count158
\makeMPintoPDFobject=\count159
\everyMPtoPDFconversion=\toks52
) (/usr/local/texlive/2014/texmf-dist/tex/latex/oberdiek/epstopdf-base.sty
Package: epstopdf-base 2010/02/09 v2.5 Base part for package epstopdf

(/usr/local/texlive/2014/texmf-dist/tex/latex/oberdiek/grfext.sty
Package: grfext 2010/08/19 v1.1 Manage graphics extensions (HO)
)
Package grfext Info: Graphics extension search list:
(grfext)             [.png,.pdf,.jpg,.mps,.jpeg,.jbig2,.jb2,.PNG,.PDF,.JPG,.JPE
G,.JBIG2,.JB2,.eps]
(grfext)             \AppendGraphicsExtensions on input line 452.

(/usr/local/texlive/2014/texmf-dist/tex/latex/latexconfig/epstopdf-sys.cfg
File: epstopdf-sys.cfg 2010/07/13 v1.3 Configuration of (r)epstopdf for TeX Liv
e
))
ABD: EveryShipout initializing macros
\c@lstlisting=\count160
LaTeX Font Info:    Try loading font information for U+msa on input line 171.

(/usr/local/texlive/2014/texmf-dist/tex/latex/amsfonts/umsa.fd
File: umsa.fd 2013/01/14 v3.01 AMS symbols A
)
LaTeX Font Info:    Try loading font information for U+msb on input line 171.

(/usr/local/texlive/2014/texmf-dist/tex/latex/amsfonts/umsb.fd
File: umsb.fd 2013/01/14 v3.01 AMS symbols B
)
LaTeX Font Info:    Try loading font information for T1+cmtt on input line 171.


(/usr/local/texlive/2014/texmf-dist/tex/latex/base/t1cmtt.fd
File: t1cmtt.fd 1999/05/25 v2.5h Standard LaTeX font definitions
)
Package babel Info: Redefining spanish shorthand <<
(babel)             in language append on input line 171.
Package babel Info: Redefining spanish shorthand >>
(babel)             in language append on input line 171.
Package babel Info: Redefining spanish shorthand "=
(babel)             in language append on input line 171.
Package babel Info: Redefining spanish shorthand "~
(babel)             in language append on input line 171.
Package babel Info: Redefining spanish shorthand "!
(babel)             in language append on input line 171.
Package babel Info: Redefining spanish shorthand "?
(babel)             in language append on input line 171.
Package babel Info: Redefining spanish shorthand <<
(babel)             in language append on input line 171.
Package babel Info: Redefining spanish shorthand >>
(babel)             in language append on input line 171.
Package babel Info: Redefining spanish shorthand "=
(babel)             in language append on input line 171.
Package babel Info: Redefining spanish shorthand "~
(babel)             in language append on input line 171.
Package babel Info: Redefining spanish shorthand "!
(babel)             in language append on input line 171.
Package babel Info: Redefining spanish shorthand "?
(babel)             in language append on input line 171.
 [1

{/usr/local/texlive/2014/texmf-var/fonts/map/pdftex/updmap/pdftex.map}] (./info
rme.toc)
\tf@toc=\write5
\openout5 = `informe.toc'.

Package babel Info: Redefining spanish shorthand <<
(babel)             in language append on input line 186.
Package babel Info: Redefining spanish shorthand >>
(babel)             in language append on input line 186.
Package babel Info: Redefining spanish shorthand "=
(babel)             in language append on input line 186.
Package babel Info: Redefining spanish shorthand "~
(babel)             in language append on input line 186.
Package babel Info: Redefining spanish shorthand "!
(babel)             in language append on input line 186.
Package babel Info: Redefining spanish shorthand "?
(babel)             in language append on input line 186.
Package babel Info: Redefining spanish shorthand <<
(babel)             in language append on input line 186.
Package babel Info: Redefining spanish shorthand >>
(babel)             in language append on input line 186.
Package babel Info: Redefining spanish shorthand "=
(babel)             in language append on input line 186.
Package babel Info: Redefining spanish shorthand "~
(babel)             in language append on input line 186.
Package babel Info: Redefining spanish shorthand "!
(babel)             in language append on input line 186.
Package babel Info: Redefining spanish shorthand "?
(babel)             in language append on input line 186.

[2

]
Cap\'{\i }tulo 1.
Package babel Info: Redefining spanish shorthand <<
(babel)             in language append on input line 186.
Package babel Info: Redefining spanish shorthand >>
(babel)             in language append on input line 186.
Package babel Info: Redefining spanish shorthand "=
(babel)             in language append on input line 186.
Package babel Info: Redefining spanish shorthand "~
(babel)             in language append on input line 186.
Package babel Info: Redefining spanish shorthand "!
(babel)             in language append on input line 186.
Package babel Info: Redefining spanish shorthand "?
(babel)             in language append on input line 186.
(./Ej1/ej1.tex
./Ej1/ej1.tex:1: Missing $ inserted.
<inserted text> 
                $
l.1 \subsection{Introducci√≥n}
                              
? 
./Ej1/ej1.tex:1: Extra }, or forgotten $.
\maththreesuperior ->{^3}
                         
l.1 \subsection{Introducci√≥n}
                              
? r
OK, entering \nonstopmode...
./Ej1/ej1.tex:1: Missing $ inserted.
<inserted text> 
                $
l.1 \subsection{Introducci√≥n}
                              
I've inserted a begin-math/end-math symbol since I think
you left one out. Proceed, with fingers crossed.

./Ej1/ej1.tex:1: Missing } inserted.
<inserted text> 
                }
l.1 \subsection{Introducci√≥n}
                              
I've inserted something that you may have forgotten.
(See the <inserted text> above.)
With luck, this will get me unwedged. But if you
really didn't forget anything, try typing `2' now; then
my insertion and my current dilemma will both disappear.


Package hyperref Warning: Difference (2) between bookmark levels is greater 
(hyperref)                than one, level fixed on input line 1.

Package babel Info: Redefining spanish shorthand <<
(babel)             in language append on input line 1.
Package babel Info: Redefining spanish shorthand >>
(babel)             in language append on input line 1.
Package babel Info: Redefining spanish shorthand "=
(babel)             in language append on input line 1.
Package babel Info: Redefining spanish shorthand "~
(babel)             in language append on input line 1.
Package babel Info: Redefining spanish shorthand "!
(babel)             in language append on input line 1.
Package babel Info: Redefining spanish shorthand "?
(babel)             in language append on input line 1.

Package hyperref Warning: Token not allowed in a PDF string (PDFDocEncoding):
(hyperref)                removing `superscript' on input line 1.

./Ej1/ej1.tex:3: Missing $ inserted.
<inserted text> 
                $
l.3 ...imice el peso de las aristas intrapartici√≥
                                                  n.
I've inserted a begin-math/end-math symbol since I think
you left one out. Proceed, with fingers crossed.

./Ej1/ej1.tex:3: Extra }, or forgotten $.
\maththreesuperior ->{^3}
                         
l.3 ...imice el peso de las aristas intrapartici√≥
                                                  n.
I've deleted a group-closing symbol because it seems to be
spurious, as in `$x}$'. But perhaps the } is legitimate and
you forgot something else, as in `\hbox{$x}'. In such cases
the way to recover is to insert both the forgotten and the
deleted material, e.g., by typing `I$}'.

./Ej1/ej1.tex:4: Missing $ inserted.
<inserted text> 
                $
l.4 
    
I've inserted a begin-math/end-math symbol since I think
you left one out. Proceed, with fingers crossed.

Package babel Info: Redefining spanish shorthand <<
(babel)             in language append on input line 9.
Package babel Info: Redefining spanish shorthand >>
(babel)             in language append on input line 9.
Package babel Info: Redefining spanish shorthand "=
(babel)             in language append on input line 9.
Package babel Info: Redefining spanish shorthand "~
(babel)             in language append on input line 9.
Package babel Info: Redefining spanish shorthand "!
(babel)             in language append on input line 9.
Package babel Info: Redefining spanish shorthand "?
(babel)             in language append on input line 9.
LaTeX Font Info:    Try loading font information for OMS+cmr on input line 22.
(/usr/local/texlive/2014/texmf-dist/tex/latex/base/omscmr.fd
File: omscmr.fd 1999/05/25 v2.5h Standard LaTeX font definitions
)
LaTeX Font Info:    Font shape `OMS/cmr/m/n' in size <10.95> not available
(Font)              Font shape `OMS/cmsy/m/n' tried instead on input line 22.
Package babel Info: Redefining spanish shorthand <<
(babel)             in language append on input line 36.
Package babel Info: Redefining spanish shorthand >>
(babel)             in language append on input line 36.
Package babel Info: Redefining spanish shorthand "=
(babel)             in language append on input line 36.
Package babel Info: Redefining spanish shorthand "~
(babel)             in language append on input line 36.
Package babel Info: Redefining spanish shorthand "!
(babel)             in language append on input line 36.
Package babel Info: Redefining spanish shorthand "?
(babel)             in language append on input line 36.

./Ej1/ej1.tex:48: Missing $ inserted.
<inserted text> 
                $
l.48 ...os sumar√≠an demaciado a la intrapartici√≥
                                                  n. Por otro lado tender√≠a...
I've inserted a begin-math/end-math symbol since I think
you left one out. Proceed, with fingers crossed.

./Ej1/ej1.tex:48: Extra }, or forgotten $.
\maththreesuperior ->{^3}
                         
l.48 ...os sumar√≠an demaciado a la intrapartici√≥
                                                  n. Por otro lado tender√≠a...
I've deleted a group-closing symbol because it seems to be
spurious, as in `$x}$'. But perhaps the } is legitimate and
you forgot something else, as in `\hbox{$x}'. In such cases
the way to recover is to insert both the forgotten and the
deleted material, e.g., by typing `I$}'.


LaTeX Warning: Command \~ invalid in math mode on input line 48.

Missing character: There is no √ in font cmr10!

LaTeX Warning: Command \~ invalid in math mode on input line 48.

Missing character: There is no √ in font cmr10!

LaTeX Warning: Command \~ invalid in math mode on input line 48.


LaTeX Warning: Command \textexclamdown invalid in math mode on input line 48.

Missing character: There is no √ in font cmr10!
Missing character: There is no Ω in font cmr10!

LaTeX Warning: Command \~ invalid in math mode on input line 48.

./Ej1/ej1.tex:49: Missing $ inserted.
<inserted text> 
                $
l.49 
     
I've inserted a begin-math/end-math symbol since I think
you left one out. Proceed, with fingers crossed.

Missing character: There is no √ in font cmr10!

Underfull \hbox (badness 10000) in paragraph at lines 48--49
[]\T1/cmr/m/n/10.95 A pri-me-ra vis-ta podr√-amos po-ner el no-do $\OT1/cmr/m/n
/10.95 1$ \T1/cmr/m/n/10.95 se-pa-ra-dos de los no-dos $\OT1/cmr/m/n/10.95 3$ \
T1/cmr/m/n/10.95 y $\OT1/cmr/m/n/10.95 4$
 []


Underfull \hbox (badness 10000) in paragraph at lines 48--49
\T1/cmr/m/n/10.95 ya que de es-tar jun-tos sumar√-an de-ma-cia-do a la intrapar
tici√$[]\OML/cmm/m/it/10.95 n:Porotroladotender\T1/cmr/m/n/10.95 -
 []


Overfull \hbox (858.22006pt too wide) in paragraph at lines 48--49
\OML/cmm/m/it/10.95 amosaponeralnodo$\T1/cmr/m/n/10.95 2$\OML/cmm/m/it/10.95 y$
\T1/cmr/m/n/10.95 3$\OML/cmm/m/it/10.95 dentrodelamismapartici[]nyaqueestossuma
n$\T1/cmr/m/n/10.95 0$\OML/cmm/m/it/10.95 :Comocontracaradeesoahorapodemosverqu
ealagregarotronodo$\T1/cmr/m/n/10.95 v$\OML/cmm/m/it/10.95 ; sumartantoelpesode
$\T1/cmr/m/n/10.95 2$\OML/cmm/m/it/10.95 con$\T1/cmr/m/n/10.95 v$\OML/cmm/m/it/
10.95 y$\T1/cmr/m/n/10.95 3$\OML/cmm/m/it/10.95 con$\T1/cmr/m/n/10.95 v$\OML/cm
m/m/it/10.95 :Vemosluegoqueunalgoritmogolosoparaintentarresolveresteproblemapue
detomarsoluci[]nestanmalascomosequiera:$ 
 []

./Ej1/ej1.tex:50: Missing $ inserted.
<inserted text> 
                $
l.50 Siendo esta una instancia peque√±
                                      a del problema, tras intentar algunas ...
I've inserted a begin-math/end-math symbol since I think
you left one out. Proceed, with fingers crossed.

./Ej1/ej1.tex:51: Missing $ inserted.
<inserted text> 
                $
l.51 
     
I've inserted a begin-math/end-math symbol since I think
you left one out. Proceed, with fingers crossed.


Overfull \hbox (410.15965pt too wide) in paragraph at lines 50--51
[]\T1/cmr/m/n/10.95 Siendo es-ta una ins-tan-cia peque√$\OMS/cmsy/m/n/10.95 ^^F
\OML/cmm/m/it/10.95 adelproblema; trasintentaralgunasconvinaciones; puedeverseq
ueponiendoelnodo$\T1/cmr/m/n/10.95 1$\OML/cmm/m/it/10.95 enelprimerconjuntoylos
nodos$\T1/cmr/m/n/10.95 2,3,4$\OML/cmm/m/it/10.95 enelotro; seconsigueunpesotot
alde$\T1/cmr/m/n/10.95 3$\OML/cmm/m/it/10.95 :$ 
 []

./Ej1/ej1.tex:52: Missing $ inserted.
<inserted text> 
                $
l.52 ...n{Relaci√≥n con otros problemas conocidos}
                                                  
I've inserted a begin-math/end-math symbol since I think
you left one out. Proceed, with fingers crossed.

./Ej1/ej1.tex:52: Extra }, or forgotten $.
\maththreesuperior ->{^3}
                         
l.52 ...n{Relaci√≥n con otros problemas conocidos}
                                                  
I've deleted a group-closing symbol because it seems to be
spurious, as in `$x}$'. But perhaps the } is legitimate and
you forgot something else, as in `\hbox{$x}'. In such cases
the way to recover is to insert both the forgotten and the
deleted material, e.g., by typing `I$}'.

./Ej1/ej1.tex:52: Missing $ inserted.
<inserted text> 
                $
l.52 ...n{Relaci√≥n con otros problemas conocidos}
                                                  
I've inserted a begin-math/end-math symbol since I think
you left one out. Proceed, with fingers crossed.

./Ej1/ej1.tex:52: Missing } inserted.
<inserted text> 
                }
l.52 ...n{Relaci√≥n con otros problemas conocidos}
                                                  
I've inserted something that you may have forgotten.
(See the <inserted text> above.)
With luck, this will get me unwedged. But if you
really didn't forget anything, try typing `2' now; then
my insertion and my current dilemma will both disappear.

Package babel Info: Redefining spanish shorthand <<
(babel)             in language append on input line 52.
Package babel Info: Redefining spanish shorthand >>
(babel)             in language append on input line 52.
Package babel Info: Redefining spanish shorthand "=
(babel)             in language append on input line 52.
Package babel Info: Redefining spanish shorthand "~
(babel)             in language append on input line 52.
Package babel Info: Redefining spanish shorthand "!
(babel)             in language append on input line 52.
Package babel Info: Redefining spanish shorthand "?
(babel)             in language append on input line 52.

Package hyperref Warning: Token not allowed in a PDF string (PDFDocEncoding):
(hyperref)                removing `superscript' on input line 52.

)
Package babel Info: Redefining spanish shorthand <<
(babel)             in language append on input line 189.
Package babel Info: Redefining spanish shorthand >>
(babel)             in language append on input line 189.
Package babel Info: Redefining spanish shorthand "=
(babel)             in language append on input line 189.
Package babel Info: Redefining spanish shorthand "~
(babel)             in language append on input line 189.
Package babel Info: Redefining spanish shorthand "!
(babel)             in language append on input line 189.
Package babel Info: Redefining spanish shorthand "?
(babel)             in language append on input line 189.
Package babel Info: Redefining spanish shorthand <<
(babel)             in language append on input line 189.
Package babel Info: Redefining spanish shorthand >>
(babel)             in language append on input line 189.
Package babel Info: Redefining spanish shorthand "=
(babel)             in language append on input line 189.
Package babel Info: Redefining spanish shorthand "~
(babel)             in language append on input line 189.
Package babel Info: Redefining spanish shorthand "!
(babel)             in language append on input line 189.
Package babel Info: Redefining spanish shorthand "?
(babel)             in language append on input line 189.
 [3

]
Cap\'{\i }tulo 2.
Package babel Info: Redefining spanish shorthand <<
(babel)             in language append on input line 189.
Package babel Info: Redefining spanish shorthand >>
(babel)             in language append on input line 189.
Package babel Info: Redefining spanish shorthand "=
(babel)             in language append on input line 189.
Package babel Info: Redefining spanish shorthand "~
(babel)             in language append on input line 189.
Package babel Info: Redefining spanish shorthand "!
(babel)             in language append on input line 189.
Package babel Info: Redefining spanish shorthand "?
(babel)             in language append on input line 189.
(./Ej2/ej2.tex

Package hyperref Warning: Difference (2) between bookmark levels is greater 
(hyperref)                than one, level fixed on input line 1.

Package babel Info: Redefining spanish shorthand <<
(babel)             in language append on input line 1.
Package babel Info: Redefining spanish shorthand >>
(babel)             in language append on input line 1.
Package babel Info: Redefining spanish shorthand "=
(babel)             in language append on input line 1.
Package babel Info: Redefining spanish shorthand "~
(babel)             in language append on input line 1.
Package babel Info: Redefining spanish shorthand "!
(babel)             in language append on input line 1.
Package babel Info: Redefining spanish shorthand "?
(babel)             in language append on input line 1.
Package babel Info: Redefining spanish shorthand <<
(babel)             in language append on input line 5.
Package babel Info: Redefining spanish shorthand >>
(babel)             in language append on input line 5.
Package babel Info: Redefining spanish shorthand "=
(babel)             in language append on input line 5.
Package babel Info: Redefining spanish shorthand "~
(babel)             in language append on input line 5.
Package babel Info: Redefining spanish shorthand "!
(babel)             in language append on input line 5.
Package babel Info: Redefining spanish shorthand "?
(babel)             in language append on input line 5.
Package hyperref Info: bookmark level for unknown algorithm defaults to 0 on in
put line 13.
Package babel Info: Redefining spanish shorthand <<
(babel)             in language append on input line 28.
Package babel Info: Redefining spanish shorthand >>
(babel)             in language append on input line 28.
Package babel Info: Redefining spanish shorthand "=
(babel)             in language append on input line 28.
Package babel Info: Redefining spanish shorthand "~
(babel)             in language append on input line 28.
Package babel Info: Redefining spanish shorthand "!
(babel)             in language append on input line 28.
Package babel Info: Redefining spanish shorthand "?
(babel)             in language append on input line 28.
Package babel Info: Redefining spanish shorthand <<
(babel)             in language append on input line 28.
Package babel Info: Redefining spanish shorthand >>
(babel)             in language append on input line 28.
Package babel Info: Redefining spanish shorthand "=
(babel)             in language append on input line 28.
Package babel Info: Redefining spanish shorthand "~
(babel)             in language append on input line 28.
Package babel Info: Redefining spanish shorthand "!
(babel)             in language append on input line 28.
Package babel Info: Redefining spanish shorthand "?
(babel)             in language append on input line 28.
[4

]
./Ej2/ej2.tex:34: Undefined control sequence.
l.34  		\STATE{\SI
                   NO}
The control sequence at the end of the top line
of your error message was never \def'ed. If you have
misspelled it (e.g., `\hobx'), type `I' and the correct
spelling (e.g., `I\hbox'). Otherwise just continue,
and I'll forget about whatever was undefined.

Package babel Info: Redefining spanish shorthand <<
(babel)             in language append on input line 57.
Package babel Info: Redefining spanish shorthand >>
(babel)             in language append on input line 57.
Package babel Info: Redefining spanish shorthand "=
(babel)             in language append on input line 57.
Package babel Info: Redefining spanish shorthand "~
(babel)             in language append on input line 57.
Package babel Info: Redefining spanish shorthand "!
(babel)             in language append on input line 57.
Package babel Info: Redefining spanish shorthand "?
(babel)             in language append on input line 57.
LaTeX Info: Redefining \. on input line 94.
LaTeX Info: Redefining \% on input line 94.

LaTeX Warning: Reference `LastPage' on page 5 undefined on input line 94.

Package babel Info: Redefining spanish shorthand <<
(babel)             in language append on input line 94.
Package babel Info: Redefining spanish shorthand >>
(babel)             in language append on input line 94.
Package babel Info: Redefining spanish shorthand "=
(babel)             in language append on input line 94.
Package babel Info: Redefining spanish shorthand "~
(babel)             in language append on input line 94.
Package babel Info: Redefining spanish shorthand "!
(babel)             in language append on input line 94.
Package babel Info: Redefining spanish shorthand "?
(babel)             in language append on input line 94.
Package babel Info: Redefining spanish shorthand <<
(babel)             in language append on input line 94.
Package babel Info: Redefining spanish shorthand >>
(babel)             in language append on input line 94.
Package babel Info: Redefining spanish shorthand "=
(babel)             in language append on input line 94.
Package babel Info: Redefining spanish shorthand "~
(babel)             in language append on input line 94.
Package babel Info: Redefining spanish shorthand "!
(babel)             in language append on input line 94.
Package babel Info: Redefining spanish shorthand "?
(babel)             in language append on input line 94.
[5]
Package babel Info: Redefining spanish shorthand <<
(babel)             in language append on input line 96.
Package babel Info: Redefining spanish shorthand >>
(babel)             in language append on input line 96.
Package babel Info: Redefining spanish shorthand "=
(babel)             in language append on input line 96.
Package babel Info: Redefining spanish shorthand "~
(babel)             in language append on input line 96.
Package babel Info: Redefining spanish shorthand "!
(babel)             in language append on input line 96.
Package babel Info: Redefining spanish shorthand "?
(babel)             in language append on input line 96.
)
LaTeX Info: Redefining \. on input line 192.
LaTeX Info: Redefining \% on input line 192.


LaTeX Warning: Reference `LastPage' on page 6 undefined on input line 192.

Package babel Info: Redefining spanish shorthand <<
(babel)             in language append on input line 192.
Package babel Info: Redefining spanish shorthand >>
(babel)             in language append on input line 192.
Package babel Info: Redefining spanish shorthand "=
(babel)             in language append on input line 192.
Package babel Info: Redefining spanish shorthand "~
(babel)             in language append on input line 192.
Package babel Info: Redefining spanish shorthand "!
(babel)             in language append on input line 192.
Package babel Info: Redefining spanish shorthand "?
(babel)             in language append on input line 192.
Package babel Info: Redefining spanish shorthand <<
(babel)             in language append on input line 192.
Package babel Info: Redefining spanish shorthand >>
(babel)             in language append on input line 192.
Package babel Info: Redefining spanish shorthand "=
(babel)             in language append on input line 192.
Package babel Info: Redefining spanish shorthand "~
(babel)             in language append on input line 192.
Package babel Info: Redefining spanish shorthand "!
(babel)             in language append on input line 192.
Package babel Info: Redefining spanish shorthand "?
(babel)             in language append on input line 192.
[6]
Cap\'{\i }tulo 3.
Package babel Info: Redefining spanish shorthand <<
(babel)             in language append on input line 192.
Package babel Info: Redefining spanish shorthand >>
(babel)             in language append on input line 192.
Package babel Info: Redefining spanish shorthand "=
(babel)             in language append on input line 192.
Package babel Info: Redefining spanish shorthand "~
(babel)             in language append on input line 192.
Package babel Info: Redefining spanish shorthand "!
(babel)             in language append on input line 192.
Package babel Info: Redefining spanish shorthand "?
(babel)             in language append on input line 192.

! LaTeX Error: File `./Ej3/ej3.tex' not found.

Type X to quit or <RETURN> to proceed,
or enter new name. (Default extension: tex)

Enter file name: 
./informe.tex:193: Emergency stop.
<read *> 
         
l.193 \input{./Ej3/ej3.tex}
                           ^^M
*** (cannot \read from terminal in nonstop modes)

 
Here is how much of TeX's memory you used:
 20126 strings out of 493117
 357550 string characters out of 6135433
 431666 words of memory out of 5000000
 23188 multiletter control sequences out of 15000+600000
 20188 words of font info for 52 fonts, out of 8000000 for 9000
 1141 hyphenation exceptions out of 8191
 55i,11n,54p,886b,674s stack positions out of 5000i,500n,10000p,200000b,80000s
./informe.tex:193:  ==> Fatal error occurred, no output PDF file produced!
