Compilando Codigo...
OK!
generada entrada para n: 510
OK!
generada entrada para n: 520
OK!
generada entrada para n: 530
OK!
generada entrada para n: 540
OK!
generada entrada para n: 550
OK!
generada entrada para n: 560
OK!
generada entrada para n: 570
OK!
generada entrada para n: 580
OK!
generada entrada para n: 590
OK!
generada entrada para n: 600
OK!
generada entrada para n: 610
OK!
generada entrada para n: 620
OK!
generada entrada para n: 630
OK!
generada entrada para n: 640
OK!
generada entrada para n: 650
OK!
generada entrada para n: 660
OK!
generada entrada para n: 670
OK!
generada entrada para n: 680
OK!
generada entrada para n: 690
OK!
generada entrada para n: 700
OK!
generada entrada para n: 710
OK!
generada entrada para n: 720
OK!
generada entrada para n: 730
OK!
generada entrada para n: 740
OK!
generada entrada para n: 750
OK!
generada entrada para n: 760
OK!
generada entrada para n: 770
OK!
generada entrada para n: 780
OK!
generada entrada para n: 790
OK!
generada entrada para n: 800
OK!
generada entrada para n: 810
OK!
generada entrada para n: 820
OK!
generada entrada para n: 830
OK!
generada entrada para n: 840
OK!
generada entrada para n: 850
OK!
generada entrada para n: 860
OK!
generada entrada para n: 870
OK!
generada entrada para n: 880
OK!
generada entrada para n: 890
OK!
generada entrada para n: 900
OK!
generada entrada para n: 910
OK!
generada entrada para n: 920
OK!
generada entrada para n: 930
OK!
generada entrada para n: 940
OK!
generada entrada para n: 950
OK!
generada entrada para n: 960
OK!
generada entrada para n: 970
OK!
generada entrada para n: 980
OK!
generada entrada para n: 990
OK!
generada entrada para n: 1000
OK!
generada entrada para n: 1010
OK!
generada entrada para n: 1020
OK!
generada entrada para n: 1030
OK!
generada entrada para n: 1040
OK!
generada entrada para n: 1050
OK!
generada entrada para n: 1060
OK!
generada entrada para n: 1070
OK!
generada entrada para n: 1080
OK!
generada entrada para n: 1090
OK!
generada entrada para n: 1100
OK!
generada entrada para n: 1110
OK!
generada entrada para n: 1120
OK!
generada entrada para n: 1130
OK!
generada entrada para n: 1140
OK!
generada entrada para n: 1150
OK!
generada entrada para n: 1160
OK!
generada entrada para n: 1170
OK!
generada entrada para n: 1180
OK!
generada entrada para n: 1190
OK!
generada entrada para n: 1200
OK!
generada entrada para n: 1210
OK!
generada entrada para n: 1220
OK!
generada entrada para n: 1230
OK!
generada entrada para n: 1240
OK!
generada entrada para n: 1250
OK!
generada entrada para n: 1260
OK!
generada entrada para n: 1270
OK!
generada entrada para n: 1280
OK!
generada entrada para n: 1290
OK!
generada entrada para n: 1300
OK!
generada entrada para n: 1310
OK!
generada entrada para n: 1320
OK!
generada entrada para n: 1330
OK!
generada entrada para n: 1340
OK!
generada entrada para n: 1350
OK!
generada entrada para n: 1360
OK!
generada entrada para n: 1370
OK!
generada entrada para n: 1380
OK!
generada entrada para n: 1390
OK!
generada entrada para n: 1400
OK!
generada entrada para n: 1410
OK!
generada entrada para n: 1420
OK!
generada entrada para n: 1430
OK!
generada entrada para n: 1440
OK!
generada entrada para n: 1450
OK!
generada entrada para n: 1460
OK!
generada entrada para n: 1470
OK!
generada entrada para n: 1480
OK!
generada entrada para n: 1490
OK!
generada entrada para n: 1500
OK!
generada entrada para n: 1510
OK!
generada entrada para n: 1520
OK!
generada entrada para n: 1530
OK!
generada entrada para n: 1540
OK!
generada entrada para n: 1550
OK!
generada entrada para n: 1560
OK!
generada entrada para n: 1570
OK!
generada entrada para n: 1580
OK!
generada entrada para n: 1590
OK!
generada entrada para n: 1600
OK!
generada entrada para n: 1610
OK!
generada entrada para n: 1620
OK!
generada entrada para n: 1630
OK!
generada entrada para n: 1640
OK!
generada entrada para n: 1650
OK!
generada entrada para n: 1660
OK!
generada entrada para n: 1670
OK!
generada entrada para n: 1680
OK!
generada entrada para n: 1690
OK!
generada entrada para n: 1700
OK!
generada entrada para n: 1710
OK!
generada entrada para n: 1720
OK!
generada entrada para n: 1730
OK!
generada entrada para n: 1740
OK!
generada entrada para n: 1750
OK!
generada entrada para n: 1760
OK!
generada entrada para n: 1770
OK!
generada entrada para n: 1780
OK!
generada entrada para n: 1790
OK!
generada entrada para n: 1800
OK!
generada entrada para n: 1810
OK!
generada entrada para n: 1820
OK!
generada entrada para n: 1830
OK!
generada entrada para n: 1840
OK!
generada entrada para n: 1850
OK!
generada entrada para n: 1860
OK!
generada entrada para n: 1870
OK!
generada entrada para n: 1880
OK!
generada entrada para n: 1890
OK!
generada entrada para n: 1900
OK!
generada entrada para n: 1910
OK!
generada entrada para n: 1920
OK!
generada entrada para n: 1930
OK!
generada entrada para n: 1940
OK!
generada entrada para n: 1950
OK!
generada entrada para n: 1960
OK!
generada entrada para n: 1970
OK!
generada entrada para n: 1980
OK!
generada entrada para n: 1990
OK!
generada entrada para n: 2000
OK!
Limpio los binarios
OK!
Compilando Codigo...
OK!
generada entrada para n: 510
rm: cannot remove `testing': Directory not empty
mkdir: cannot create directory `testing': File exists
Compilando Codigo...
OK!
generada entrada para n: 510
rm: cannot remove `testing/.nfs0000000002c2c77e000000d5': Device or resource busy
rm: cannot remove `testing/.nfs0000000002c2c77f000000d6': Device or resource busy
rm: cannot remove `testing/.nfs0000000002c2c780000000d4': Device or resource busy
mkdir: cannot create directory `testing': File exists
Compilando Codigo...
OK!
generada entrada para n: 510
./tester.sh: line 19: 14244 Terminated              ./$DIR/ejecutable < $DIR/test.txt >> $DIR/resultados.txt
Compilando Codigo...
OK!
generada entrada para n: 10
OK!
generada entrada para n: 20
OK!
generada entrada para n: 30
Compilando Codigo...
OK!
generada entrada para n: 1
OK!
generada entrada para n: 2
OK!
generada entrada para n: 3
OK!
generada entrada para n: 4
OK!
generada entrada para n: 5
OK!
generada entrada para n: 6
OK!
generada entrada para n: 7
OK!
generada entrada para n: 8
OK!
generada entrada para n: 9
OK!
generada entrada para n: 10
OK!
generada entrada para n: 11
OK!
generada entrada para n: 12
OK!
generada entrada para n: 13
OK!
generada entrada para n: 14
OK!
generada entrada para n: 15
OK!
generada entrada para n: 16
OK!
generada entrada para n: 17
OK!
generada entrada para n: 18
OK!
generada entrada para n: 19
OK!
generada entrada para n: 20
OK!
generada entrada para n: 21
OK!
generada entrada para n: 22
OK!
generada entrada para n: 23
OK!
generada entrada para n: 24
OK!
generada entrada para n: 25
Compilando Codigo...
OK!
generada entrada para n: 10
OK!
generada entrada para n: 20
OK!
generada entrada para n: 30
OK!
generada entrada para n: 40
OK!
generada entrada para n: 50
OK!
generada entrada para n: 60
OK!
generada entrada para n: 70
OK!
generada entrada para n: 80
Compilando Codigo...
OK!
generada entrada para n: 10
OK!
generada entrada para n: 20
OK!
generada entrada para n: 30
OK!
generada entrada para n: 40
OK!
generada entrada para n: 50
OK!
generada entrada para n: 60
OK!
generada entrada para n: 70
OK!
generada entrada para n: 80
OK!
generada entrada para n: 90
OK!
generada entrada para n: 100
OK!
generada entrada para n: 110
OK!
generada entrada para n: 120
OK!
generada entrada para n: 130
OK!
generada entrada para n: 140
OK!
generada entrada para n: 150
OK!
generada entrada para n: 160
OK!
generada entrada para n: 170
OK!
generada entrada para n: 180
OK!
generada entrada para n: 190
OK!
generada entrada para n: 200
OK!
generada entrada para n: 210
OK!
generada entrada para n: 220
OK!
generada entrada para n: 230
OK!
generada entrada para n: 240
OK!
generada entrada para n: 250
OK!
generada entrada para n: 260
OK!
generada entrada para n: 270
OK!
generada entrada para n: 280
OK!
generada entrada para n: 290
OK!
generada entrada para n: 300
OK!
generada entrada para n: 310
OK!
generada entrada para n: 320
OK!
generada entrada para n: 330
OK!
generada entrada para n: 340
OK!
generada entrada para n: 350
OK!
generada entrada para n: 360
OK!
generada entrada para n: 370
OK!
generada entrada para n: 380
OK!
generada entrada para n: 390
OK!
generada entrada para n: 400
OK!
generada entrada para n: 410
OK!
generada entrada para n: 420
OK!
generada entrada para n: 430
OK!
generada entrada para n: 440
OK!
generada entrada para n: 450
