802 1678638
138 186472
101 134816
458 922272
554 564958
651 672047
765 814926
248 244457
359 360066
732 761767
836 939177
577 588754
391 390993
248 242929
713 735128
57 53407
564 574462
101 97991
497 500039
993 1042004
920 955202
768 793866
840 873516
133 127155
158 150117
107 103021
619 693202
437 441508
7 6882
653 673385
322 320732
774 803124
445 447235
84 78970
517 539588
186 180773
669 688456
933 1195556
704 727711
175 168935
287 282683
760 819483
232 228391
9 8575
32 29548
234 228088
539 582508
962 1118948
314 369426
226 250602
276 306275
853 892039
530 538362
419 433783
179 173513
410 408633
191 185368
848 879355
472 476113
191 185330
340 336303
996 1177668
228 250312
718 777293
753 780270
306 337090
955 997449
877 913956
836 885255
406 405792
663 715499
609 625571
771 812859
878 913400
540 560467
797 825609
595 608228
566 573249
602 611239
343 340580
445 483442
928 964676
334 332671
422 422640
43 39688
741 806442
201 195600
482 486550
182 177063
585 597439
352 347717
328 324856
439 441382
957 1029632
130 127353
700 725253
632 650246
793 824070
672 692553
388 388723
743 770772
40 36989
45 41802
451 455911
133 128297
597 607447
509 514190
202 196502
553 561579
692 712042
700 717167
34 32064
379 381361
899 940850
515 522483
839 869145
295 293545
580 590809
890 964655
817 849117
722 747730
469 471911
724 747663
389 390324
621 636886
68 64963
796 824150
258 263942
8 7560
53 49676
831 862189
25 36158
216 211280
705 728133
656 727047
180 174079
869 941599
478 479213
482 486256
877 912120
251 246613
615 627633
833 860890
622 631932
896 970437
449 449358
96 90474
462 465034
31 28619
200 194961
636 649950
384 386596
417 418126
572 586651
225 218663
741 769390
924 969130
454 458228
437 461987
957 1001577
248 242767
399 400317
276 272172
490 494130
281 277139
250 245199
626 642963
51 59721
589 621953
790 855948
175 169774
629 648223
278 308611
473 503083
527 533462
48 44833
408 498458
808 840532
36 34244
594 607880
840 912385
812 1288435
389 394718
9 9112
187 183675
156 152797
852 971202
948 1047517
614 633282
349 347991
41 37667
514 519867
377 377049
811 844393
132 126827
245 239164
608 661280
668 686320
615 629065
272 267103
999 1087117
648 664494
888 923325
127 121250
636 691695
64 59522
347 346093
363 360352
192 184213
208 216506
347 342145
514 520254
612 628682
572 604887
660 680009
137 131568
747 795238
380 407651
406 407816
42 39607
717 738109
832 859434
738 764299
387 387374
402 402799
468 474726
544 551291
259 253308
1000 1072827
561 573833
718 742624
657 676925
573 586176
588 599329
172 167421
424 426796
362 359783
335 336202
941 1397794
779 1581747
280 525658
14 21716
649 1059779
308 493273
235 363073
543 807817
357 584609
435 501598
370 578036
962 1640353
57 81917
146 254837
390 694169
854 1547330
398 696796
410 480757
873 1408399
955 1638606
273 424442
487 558405
813 1377917
134 203023
658 1070880
17 25518
269 418101
774 1290029
890 1563452
556 937712
618 985113
797 1259519
492 580958
290 327313
811 852836
869 907731
99 94577
540 592847
88 83827
394 396701
728 856163
291 290091
765 795746
21 20240
127 124336
609 623387
660 688149
595 677883
506 578360
302 298047
93 87879
844 944439
698 721389
488 557589
87 82833
581 591617
55 51893
906 950660
298 295355
63 59300
9 8566
706 731728
691 714105
410 408575
844 940717
835 869785
909 951160
969 1055389
849 885171
853 887670
743 794520
451 455884
173 167307
6 5822
596 643825
408 407568
560 607410
893 970516
13 12245
480 547476
992 1076231
149 145709
347 345726
453 453412
278 271405
703 724355
308 305592
76 70822
640 732914
730 825510
239 235080
162 154646
814 909651
886 1047432
827 970725
969 1053300
318 359540
756 784200
562 588681
558 567245
187 180287
457 460941
834 969023
751 883520
147 160600
793 891257
262 258603
242 237410
486 489349
443 446193
335 333517
840 872244
37 34519
666 721665
834 921685
191 200720
338 475821
190 365032
145 268688
965 1904940
283 531700
934 996444
348 355584
510 671625
422 493354
239 234523
629 650121
299 299518
860 895979
112 106828
837 872933
360 360203
775 801921
687 744648
767 794411
701 770224
917 1087149
204 220779
910 1344752
869 1029560
911 1044634
848 1145870
796 1151606
913 958880
255 250886
843 929110
111 143825
292 289089
445 472029
507 580303
892 1074885
626 645118
297 319988
462 466447
645 810266
77 76795
965 1009476
490 558904
726 767049
45 43169
422 426720
270 268072
259 255529
572 609967
641 658914
494 538575
348 349092
751 777433
96 165713
669 758838
362 361008
793 853626
864 1450887
640 664242
71 70087
969 1064823
112 108579
921 998878
216 249560
154 150456
510 515349
524 530552
218 212559
647 667677
386 386309
618 635643
385 387954
555 564184
185 182485
899 939799
146 141991
325 323179
512 517159
739 766142
849 911038
999 1047796
389 392285
176 169264
716 738599
583 594083
678 699286
765 825919
533 542952
618 632948
211 205837
924 963085
834 867569
245 240383
894 928182
875 952211
505 509318
990 1036123
211 206428
886 922088
555 565313
642 658835
356 355759
517 524954
304 300977
834 869232
209 239795
867 901733
896 933415
258 253901
99 95567
860 895859
996 1047252
237 232371
621 675853
607 619031
897 939085
564 573752
454 455404
144 141054
319 351285
529 554078
402 402681
628 732676
565 655294
494 565762
479 545724
180 197712
460 462376
869 904541
500 506808
168 163351
680 699041
350 349778
286 282710
750 775403
436 439679
491 495474
429 431977
295 291719
192 198032
295 290283
71 66145
383 379915
811 840151
71 66279
126 121567
538 547804
203 214430
748 774319
972 1013453
412 439284
699 720884
726 751159
954 991484
945 986809
168 163163
258 253626
22 20264
863 920485
389 387673
863 896717
807 835131
838 869521
691 711399
37 34610
686 742087
548 559700
163 157110
184 178816
96 90804
940 980228
950 988010
398 400712
676 1084382
438 687153
873 1042827
110 141106
181 200243
187 206187
102 110005
534 614619
511 515575
298 326210
730 753058
618 668667
735 769818
323 321046
526 533359
795 864852
494 501913
752 780183
385 384930
631 671355
171 165364
417 419208
337 335604
194 186739
87 94578
284 280309
588 597845
352 348111
610 626318
295 290276
482 530332
83 79527
49 45997
376 374065
332 329429
987 1085290
429 433245
207 203030
616 634298
306 303146
377 375913
655 674788
621 647753
117 111612
741 765559
726 747571
554 566887
568 578368
313 311628
834 871002
524 531891
813 843719
193 188319
418 417545
873 909659
128 121270
816 846565
178 170905
36 33927
455 457244
844 873125
852 921838
127 122126
894 974105
86 81629
644 663696
82 76417
474 513852
162 157673
876 915921
367 367371
612 628845
576 583725
121 117003
886 945513
552 562210
674 689722
721 745436
343 341688
460 464161
857 893833
671 692192
632 663425
592 602833
831 891610
975 1057335
977 1019278
321 358658
669 688318
648 702156
580 612228
188 184356
379 376420
888 926578
118 112284
871 905981
189 183296
480 518959
901 952846
806 835710
223 217482
279 274275
488 491029
537 549402
681 714890
613 628120
208 201840
507 547711
334 332677
207 202644
951 992351
838 931846
856 888844
52 49286
219 432502
162 307677
11 20695
30 54392
920 1723764
602 827820
760 830886
723 745114
451 452145
906 992465
530 538743
132 137671
757 792289
905 939979
712 734843
812 856786
419 420332
983 1019763
775 796556
121 114396
998 1044328
856 1784510
342 714267
468 962252
605 1010857
30 62592
402 583422
497 723152
978 1385994
804 895669
204 199800
210 203511
768 792296
112 109397
319 320226
867 900001
781 807833
935 1033435
587 598773
858 890501
893 1017368
994 1075685
882 920094
287 316243
261 254541
448 448764
812 873818
203 197062
808 873975
806 837757
50 52704
670 742909
61 69599
936 978608
886 958953
241 268587
346 343908
138 148623
529 535292
345 341264
455 456450
152 170480
817 951274
150 147473
276 308674
652 671743
504 595848
645 765605
790 820160
968 1065792
323 321396
64 59558
212 204811
447 448754
338 333573
71 67262
218 212628
549 564719
941 1007403
824 975849
8 9362
759 835152
158 151418
677 716499
669 687207
314 311245
754 887018
341 371592
382 380826
667 717544
603 616209
797 1129016
394 535502
8 11144
806 1228767
224 225926
264 302034
299 345426
773 808100
6 6046
993 1046226
694 717689
335 345259
320 315502
923 1018704
1000 1084591
568 629408
813 841920
771 797974
572 633200
343 343157
225 249420
93 99191
78 83049
744 768164
891 928202
504 507936
76 72417
379 393749
180 174449
335 333416
627 661349
470 531707
228 253364
637 736248
152 145403
745 773129
158 152314
808 836120
531 615161
895 927284
222 214171
840 871747
452 456943
342 338771
702 756600
78 75554
81 78757
678 747751
799 825233
693 712917
789 849202
844 874398
81 76281
637 652602
714 778022
668 722730
495 540288
40 37360
149 143401
884 920952
552 562045
783 810696
441 441275
782 809043
375 374195
203 197453
928 966843
575 585881
968 1011464
59 54990
138 133835
189 183686
283 276720
994 1039566
753 778073
401 399123
278 275476
244 238177
323 319559
497 501326
457 459885
890 925203
760 820979
447 445998
84 80091
579 591566
121 116166
365 359607
911 984157
383 382564
166 161320
104 97855
220 213838
65 61355
579 586586
416 413248
464 465040
690 711998
404 405365
551 559204
875 942764
928 965344
921 953079
578 625464
423 423897
734 793473
345 340777
854 921853
99 94962
240 233394
276 270761
160 154434
988 1032804
523 546325
102 98067
88 98818
183 176700
877 911685
679 699968
386 381794
286 281036
653 670656
761 819822
661 681803
67 65364
150 144485
814 905533
545 551157
279 274519
86 81970
672 689642
911 941871
677 733575
686 769799
694 714563
304 299881
335 331669
845 876100
998 1042308
137 132634
214 207548
924 959756
442 442964
228 220915
617 629883
63 59054
689 728929
642 713039
338 333712
927 968453
608 621889
393 391838
142 137437
823 852247
454 457010
412 431597
792 824761
438 440844
41 38325
696 761664
189 184147
405 446543
27 25281
24 22151
337 336207
929 1011030
300 331025
921 997779
155 148731
909 987679
799 832207
27 25343
723 747886
504 558626
257 285610
304 300437
925 968132
621 636849
218 224701
979 1020872
194 189765
800 904037
801 827577
880 916706
185 179642
440 438530
683 701104
884 919592
941 982857
737 763694
754 778084
238 231028
113 106078
814 842976
549 559168
101 108605
788 815486
849 881944
366 363951
327 339807
446 449763
453 453799
15 13977
712 731816
353 350435
559 649896
361 358879
950 989911
23 21597
212 207484
848 937979
400 400575
386 384238
832 960881
737 857053
239 234761
601 611946
786 812172
237 230146
424 463452
599 611501
83 79689
231 224662
142 136557
525 532880
455 515284
833 861816
504 543280
997 1044694
482 481758
499 548361
185 178002
205 198158
400 398002
92 97473
186 203338
921 996031
556 563641
461 486469
554 559879
22 20895
31 29042
450 451900
802 832564
733 1215631
684 996842
978 1535976
897 1141933
295 294639
312 306644
81 89801
40 41942
807 877014
840 1184464
259 277115
577 605610
28 26730
154 188831
77 72548
340 336996
646 658754
501 605260
803 833046
293 294725
930 1132042
615 886265
249 370047
431 492245
282 317700
