68 512954
896 3135380
103 310995
827 1913076
154 318190
296 533373
852 1621596
100 167043
716 1353820
748 1243600
401 674802
257 392280
82 116436
458 733577
964 1653270
546 924065
106 154668
27 35955
436 696039
205 313800
945 1583879
868 1448284
241 375759
596 1011109
894 1497402
590 965638
976 1631238
975 1674558
502 808599
76 109532
431 689968
115 169397
168 251158
193 293692
571 967404
488 789661
757 1287099
784 1515425
684 1730812
133 226940
85 126127
20 27609
527 862081
172 262511
398 670050
521 1408259
149 256602
176 303017
739 1276363
113 168424
462 742998
780 1295719
321 505556
561 953610
722 1192128
378 641985
766 1271549
397 644635
202 304400
599 1938045
271 818710
28 74860
187 548478
851 1920904
373 799382
246 397202
146 219216
734 1253479
145 214058
762 1268177
398 630649
848 1425547
832 1392068
614 1013413
802 1377388
488 786036
80 115357
826 1406882
55 78012
506 878525
620 1013316
504 813160
992 1668445
202 308786
19 25921
984 1671979
396 647808
66 97429
790 1464211
198 302567
916 1538844
651 1060088
635 1078308
870 1448786
48 67693
717 1189091
219 333923
486 783841
17 22498
483 772018
913 1531178
17 23266
899 1508249
818 1431423
975 1706634
255 392994
47 65835
23 30828
840 1461611
867 1470226
59 83926
454 724322
270 415021
262 404160
449 710730
530 856297
869 1440555
404 643489
397 627121
63 88510
66 93325
662 1101747
790 1317600
788 1313202
544 880466
690 1136355
369 584950
68 98409
628 1026709
82 119095
116 167659
166 243809
884 1478519
187 280239
696 1141355
229 351921
50 68566
911 1526369
291 455039
533 863806
781 1298197
567 924094
362 570333
648 1059963
181 278916
967 1640954
262 408776
163 245414
437 734053
651 1066778
761 1264441
431 688521
872 1458961
81 116047
18 23723
953 1606776
505 812638
871 1462394
437 707544
425 676050
51 71202
543 915365
730 1210438
517 846465
261 399874
834 1434808
330 537215
921 1560456
895 1533735
508 820984
42 59363
462 777250
937 2168904
813 1405913
843 1411320
514 866990
710 1207413
71 105372
576 936160
837 1440179
730 1209954
347 583026
295 461652
356 563781
969 1631234
501 806145
486 777811
999 1739598
798 1337828
97 141522
90 129373
265 406956
579 951676
406 648285
378 598160
548 926283
956 1643598
176 266555
25 33640
176 263098
274 427429
563 952556
854 1423851
838 1400610
400 659125
600 972888
573 983462
160 242090
699 1148477
552 900670
317 497537
106 155322
301 470473
529 858984
644 1085933
848 1419479
295 499612
559 911327
546 922959
260 413473
994 1710719
958 1641078
795 1327276
848 1426102
199 305103
12 15614
964 1627130
375 608573
187 279976
718 1191447
190 287246
832 1386267
832 1391444
910 1560637
796 1361792
166 247592
624 1025215
728 1201098
309 478939
255 395511
352 556353
135 200330
466 744490
448 755230
337 529849
819 1397764
362 571339
550 905892
666 1096977
798 1328655
438 698369
134 195074
86 124523
219 348652
492 792622
772 1294832
344 549040
470 780160
580 947359
741 1273274
438 700678
405 639771
407 638540
702 1165436
662 1087062
425 683326
875 1466257
984 1652866
100 144935
991 1669075
692 1177972
927 1588193
777 1287951
443 726294
458 730502
687 1173578
733 1213939
25 34077
389 984496
460 1015830
510 932781
425 835057
20 31965
722 1265763
692 1145465
888 1517063
82 122778
611 1002311
675 1110582
826 1419407
85 125288
562 919117
682 1128661
135 204585
154 231713
13 16847
262 496203
923 1551480
825 1491163
440 747297
459 736519
377 592487
524 914028
145 222450
631 1036037
33 46016
912 1524212
692 1138278
10 14154
399 637547
938 1604529
963 1650435
390 621723
217 329421
164 246285
262 434017
839 1439198
633 1036367
797 1327641
256 395235
371 607323
115 168922
749 1262718
288 447292
581 942601
961 1621325
338 532530
903 1514406
53 73449
286 469851
108 158366
564 968950
802 1335379
471 760296
168 268923
507 847664
895 1524104
237 366413
287 447176
402 710138
757 1249988
978 1660402
594 988749
667 1095847
506 819473
866 1478745
987 1669946
572 1002517
98 143028
928 1561124
957 1691486
170 259118
43 59197
845 1456531
632 1122406
780 1320888
81 118385
428 717955
642 1129279
827 1384107
921 1603758
83 135740
198 300840
54 74901
167 270730
603 990362
568 920045
729 1213645
246 380772
356 597766
166 245966
380 601927
161 239449
643 1062784
254 420837
956 1626533
888 1526715
57 82101
97 141830
984 1695501
710 1177492
291 479236
637 1066287
622 1015910
391 614877
611 1454486
761 1543108
223 347633
733 1216751
185 340394
483 824733
922 1584122
245 374329
862 1456803
963 1663659
30 42182
574 1006739
205 329791
113 167067
619 1012642
69 102176
906 1595045
560 947606
15 20141
7 9503
397 641962
680 1153285
954 1627302
986 1664312
298 465804
810 1348959
876 1494958
238 364569
534 868614
352 562099
328 553885
658 1148283
695 1172066
838 1442222
566 1041318
70 111855
268 470013
958 1851125
948 1811231
481 875126
847 1598657
928 1757100
132 225110
991 1885808
662 1232338
160 273032
829 1557260
188 322403
185 315559
713 1330422
270 471019
341 607295
293 514083
722 1341436
441 789338
368 652138
529 1023766
9 14095
86 141643
853 1614856
410 742330
233 400843
500 913230
699 1159346
876 1468644
827 1377569
694 1181417
179 273336
857 1492830
378 597924
567 920573
960 1630411
736 1221062
946 1624354
745 1291580
617 1009358
863 1444148
615 1004925
805 1336727
497 838831
725 1196682
641 1045315
212 323180
542 897241
697 1139041
282 438603
416 662975
160 237518
228 349598
490 824269
722 1190998
172 259925
36 49521
409 655223
147 217287
957 1640416
45 64332
230 355881
133 198710
398 630253
863 1443117
509 864349
855 1420839
868 1480176
874 1519031
656 1108579
560 908340
771 1298147
159 238188
272 425960
408 686932
971 1720417
400 640200
57 78783
51 70058
244 374085
407 679431
902 1536781
876 1463727
756 1387248
827 1444726
39 55163
803 1369002
13 17854
58 81661
389 613691
581 947885
339 536197
596 972151
184 307240
341 535830
467 753483
964 1623075
748 1277985
720 1190714
645 1117119
775 1321158
603 992637
622 1093331
406 653377
392 623003
412 654245
321 507028
58 81152
829 1383240
34 47036
641 1053680
392 615559
793 1347575
982 1654418
53 75371
212 321953
382 602323
221 338899
356 599747
761 1264437
610 1010934
365 604279
740 2361405
779 1753408
107 216146
413 695361
542 880556
161 245565
444 739461
650 1068787
73 106159
298 496182
855 1467209
196 298980
761 1258022
363 1120433
707 2253063
250 563282
12 24298
80 171084
317 669632
841 1491913
911 1555617
465 752702
483 809768
41 75646
870 1451911
209 318113
965 1703978
932 1565046
417 661765
697 1211639
379 599395
227 348632
645 1091758
42 58835
994 1720819
77 113880
160 288968
825 1386943
682 1148607
942 1581872
481 771682
449 716647
464 744011
650 1062640
389 615738
754 1246679
874 1502551
785 1326353
676 1115832
665 1127005
607 988204
171 257193
13 17287
247 416503
586 963545
405 652747
701 1578358
71 139098
58 111692
159 324516
252 521544
861 1431442
329 514200
133 199159
177 265507
247 383383
721 1251404
592 964041
699 1154443
493 827148
312 487962
870 1490736
665 1230922
382 651309
380 600101
812 1385713
520 962035
868 1460798
80 115556
19 25646
654 1115091
515 834988
248 384801
913 1567816
797 1354434
269 415465
734 1225204
694 1218741
91 150076
299 466425
987 1690850
687 1168678
164 250302
84 145534
586 983622
234 361527
446 731211
369 592482
653 1100994
308 483673
575 937603
670 1097087
343 538071
226 384299
695 1146763
941 1579676
257 397402
191 327555
76 111804
559 942347
786 1302640
404 645453
137 203649
110 162521
995 1685189
110 162690
455 729758
729 1256820
825 1372008
442 710727
148 222517
196 293330
792 1351558
349 552410
244 374798
939 1595932
445 749584
937 1572557
274 429964
389 685514
845 1448328
578 942523
238 394151
518 834580
648 1097147
48 66760
952 1687124
528 885593
53 76049
603 1021384
218 334881
147 217956
287 474807
259 415992
11 16353
583 952145
423 678649
135 225548
633 1110761
870 1463793
992 1764338
800 1368587
105 152196
834 1386789
68 110124
933 1562993
49 70315
842 1404639
318 500925
983 1660079
914 1597420
929 1555453
904 1583000
20 28305
126 185877
864 1464168
268 412631
235 361541
119 174421
35 48205
327 532456
280 433501
846 1441704
194 294483
775 1335408
752 1242938
989 1734334
479 808974
460 737154
779 1355382
100 166277
772 1314880
994 2745957
583 1299226
651 1235523
609 1147450
802 2242072
530 1218504
902 1881005
962 2045260
978 1922101
269 525400
700 1568826
810 1990105
358 644703
43 90035
922 2373255
872 1790042
632 1183485
835 1998452
70 124593
352 793879
238 534547
673 1157403
869 1486354
278 432485
754 1288835
156 285150
111 162805
102 151087
452 743620
57 80290
659 1086086
45 63522
336 524325
888 1558428
615 1036328
406 651358
815 1357290
168 248878
218 330968
933 1564295
597 1009745
146 221159
184 276073
223 343474
346 544998
816 1360011
169 258911
399 636523
710 1171218
138 210427
711 1171508
79 112324
350 565072
419 670442
44 61439
810 1382245
156 232845
931 1597887
782 1299449
373 584223
713 1208685
538 876105
925 1585806
869 1456902
389 617245
561 914461
549 893741
945 1616750
620 1013117
725 1196554
66 98414
641 1105044
796 1316310
672 1101464
184 324820
947 1622916
187 283924
944 1670140
343 542002
738 1213965
197 344614
358 567864
479 793916
626 1027762
944 1655368
962 1612641
290 450058
516 830751
926 1558876
595 971660
795 2593115
828 2127658
68 136262
509 1110100
531 897128
317 608056
700 1165167
224 347527
909 1578675
254 402998
268 413483
313 530729
147 218142
376 601261
758 1333798
971 1680422
13 18369
40 53139
191 291279
811 1465487
401 634725
259 397721
336 527986
917 1594267
203 308719
584 956181
554 902753
130 206596
800 1452519
34 47115
870 1475197
484 825636
125 182141
549 904413
420 699807
397 636278
448 735631
231 358164
418 710581
291 453034
554 902722
523 843104
915 1532348
534 894956
730 1209583
130 191677
381 645358
538 872685
490 848418
597 1002935
637 1061173
914 1578297
143 210959
506 816428
760 1264385
841 1439730
33 46474
205 309556
756 1286983
986 1662512
419 693320
516 882348
477 766493
699 1184176
283 442921
463 746879
36 50577
402 637358
199 303458
97 137790
166 245604
90 128647
434 727565
355 557319
164 246847
926 1549531
142 212156
586 995252
883 1471797
883 1507471
484 808520
373 671982
132 195754
114 187986
243 406400
19 26137
913 1565007
823 1374166
624 1030937
732 1280640
533 860911
205 311612
722 1230224
972 1675127
315 493595
426 675484
794 1370402
770 1286196
42 59080
143 211223
178 271553
297 460893
753 1252185
733 1251890
328 510758
657 1117048
833 1380605
717 1201268
297 468486
409 645827
432 685453
4 6006
606 1025014
906 1561331
502 807799
692 1208605
176 292403
354 559799
257 395516
480 772972
840 1467126
350 555866
525 845960
284 441888
79 115668
558 949973
310 525150
899 1507260
186 316755
964 1643968
407 645317
991 1744123
683 1122123
24 33016
496 798033
951 1642195
78 112259
512 820125
146 222179
330 516561
21 28180
614 1063028
671 1106650
486 782758
308 479817
55 78438
898 1543808
432 682346
815 1439218
221 342314
461 741425
671 1107261
46 64169
782 1339212
163 247044
774 1312976
796 1322015
14 18850
788 1345489
316 495657
849 1411728
307 508072
489 788556
51 73350
505 814397
459 736186
423 674675
372 586481
19 25000
365 577755
730 1207173
141 213243
334 524394
54 76840
658 1104434
674 1111074
261 403918
114 166460
95 145546
431 692170
348 555551
486 777878
250 383108
804 1375688
424 675415
