133 429430
5 22590
792 1584514
298 527916
263 458092
359 641510
213 372257
124 207595
65 103212
719 1298853
328 541144
745 1230565
409 653161
805 1329161
39 61064
686 1307086
85 135263
50 76705
957 1607208
422 663100
647 1047925
893 1489928
288 464677
625 1016242
896 1485097
180 276877
26 34693
591 988208
15 20266
763 1255796
87 147576
953 1588165
554 897641
799 1350189
941 1603627
425 853914
878 1470954
325 502366
966 1679434
35 49647
486 789747
475 753605
842 1608192
40 63200
11 15902
696 1152579
886 1505581
558 902696
502 835872
163 244063
842 1440950
87 125586
843 1807543
749 1238622
355 552716
368 577761
937 1571566
871 1446035
312 488320
503 841676
911 1538308
248 375741
220 352583
328 509987
353 589785
754 1257475
845 1403218
767 1259520
868 1477372
530 852728
231 349524
626 1014836
315 490007
48 65929
488 772312
442 703143
18 24373
545 895665
199 296097
639 1041431
305 472138
352 548827
80 111716
702 1146504
27 37080
223 337314
559 938620
276 422602
88 124365
741 1247498
599 973483
538 880417
353 546921
601 1003166
469 748323
535 897596
676 1107412
647 1114606
359 561174
137 205666
13 18068
904 1517254
189 284988
461 730441
121 176411
963 1646894
891 1508521
363 572747
356 550911
224 351279
204 304120
103 150635
744 1221882
239 367506
615 1000563
813 1338977
129 185954
216 323763
695 1138207
691 1159471
700 1144338
716 1170350
238 365958
611 987451
530 850933
411 654916
141 207343
73 103529
49 68253
416 658981
828 1375079
683 1113344
247 376815
218 329779
928 2682380
523 952884
507 972448
892 1564805
117 172362
675 1101989
685 1122148
724 1255761
798 1346395
22 29850
697 1149926
981 1646953
834 2712560
345 863548
182 368694
358 757694
632 1101811
238 361637
327 509441
843 1434107
317 492872
291 446642
72 102798
740 1218950
695 1169593
104 152248
81 117580
430 682926
30 41394
302 472652
167 249670
492 798092
580 970676
684 1112285
488 780961
360 557826
855 1422052
798 1355939
389 611422
181 268229
802 1335110
293 455734
280 459210
461 728871
82 116807
213 322193
906 1504053
944 1566712
785 1315382
712 1164747
621 1010418
266 435892
90 128979
850 1408526
196 298209
246 374280
739 1210711
552 895158
967 1645955
949 1618723
404 640466
555 925687
392 640492
266 405142
73 103566
141 208288
400 629258
487 784994
153 230325
715 1167470
232 354671
715 1169188
662 1104519
973 1663367
998 1708806
622 1007939
767 1262706
441 697797
199 296039
478 764487
5 7019
810 1371986
384 606291
796 1322079
370 582841
551 928651
556 925123
552 891494
478 757669
395 654491
472 755295
376 616269
445 705148
13 18160
106 152870
374 588122
932 1554517
533 864177
872 1498797
354 555019
479 764914
174 263335
540 870941
935 1578797
371 582075
829 1372076
723 1226170
363 563365
894 1478033
244 369941
258 392474
267 408521
277 430360
838 1421354
222 335153
709 1202364
495 793568
254 384316
571 925137
226 341503
363 567395
785 1292729
120 174989
984 1640114
984 1657537
873 1441037
528 884087
381 600163
884 1509007
837 1409290
305 476314
487 780783
854 1407382
364 570888
511 822027
625 1058271
998 1682520
89 131775
877 1442673
33 61645
92 131534
859 1425405
235 356830
445 703528
384 601829
401 632992
771 1284795
81 120245
169 250721
868 1472302
836 1380962
236 374517
151 223332
587 944510
387 618483
973 1655485
943 1575280
800 1326054
24 32339
856 1417121
854 1417195
288 448529
509 811243
63 90514
820 1384805
643 1047377
527 846728
285 440849
981 1639793
75 109575
216 330413
822 1359446
578 978645
295 457688
24 32050
793 1345544
505 807239
528 890598
291 469907
779 1439012
168 290703
299 526405
129 220473
195 330511
113 232016
637 1034612
490 825965
538 1227099
115 190184
532 960493
660 1233805
357 643539
352 593081
991 1667058
344 791108
153 241545
417 660163
166 253988
687 1168430
674 1097722
312 509016
255 388400
501 800083
752 2411682
968 2195218
174 358974
428 707027
92 131663
609 990497
885 1470593
505 802328
823 1390515
965 1769889
21 51198
280 848030
156 452975
867 2089372
427 940552
167 335352
723 1184883
789 1300686
592 1026321
98 144676
824 1361788
560 898800
389 612443
971 1618347
501 812619
997 1698785
905 1504389
256 389136
318 491029
368 580285
142 220647
684 1123727
136 201299
360 600192
31 41969
11 14401
197 294254
801 1349871
414 656561
195 294589
172 260355
571 940192
33 44332
800 1354039
478 765563
944 1565784
433 688460
84 122335
332 512428
205 314246
581 959173
838 1381805
240 392546
925 1568447
608 1091103
233 357092
529 842848
489 781145
723 1415495
443 739725
350 550626
473 753164
850 1405542
118 175387
844 1394228
302 467613
471 786065
351 549200
665 1158253
728 1188981
433 716949
834 1417942
746 1259118
692 1129114
471 835183
398 662173
988 1784863
66 95916
424 724048
401 668319
983 1672526
856 1547290
160 252306
142 207945
579 931823
356 634055
935 1614176
909 1590349
718 1294698
980 1851844
41 56659
993 1656925
424 687951
936 1556874
619 1097338
892 1535906
604 997275
234 354924
430 680802
218 378624
497 793209
402 633999
216 327560
343 602683
565 911436
844 1390443
268 414010
734 1234914
47 66824
637 1032763
465 742469
71 116951
842 1929224
396 849714
67 130130
583 1289524
342 623301
271 419671
559 1042630
743 1238363
429 721396
666 1089522
786 1305701
485 776668
155 234024
671 1633844
538 901864
530 977640
80 117969
467 746966
188 282955
289 467422
310 481900
104 152481
469 772038
411 722020
671 1104873
95 162504
782 1303351
226 363652
293 452824
109 158534
149 225388
240 366017
640 1092125
969 1875416
244 373990
502 843036
467 745272
83 121132
67 97570
185 277597
492 787665
298 541322
743 1219636
309 478804
300 463099
188 277837
502 802704
622 1037199
333 521592
501 812361
851 1406119
595 959236
717 1208696
469 745921
164 248368
286 442610
102 162879
712 1219739
492 785506
727 1195225
975 1627111
515 819390
808 1374996
501 803068
32 42793
826 1365564
569 962156
446 699639
494 786620
943 1616226
459 728838
864 1464343
98 142742
334 519805
34 47159
128 184516
565 927377
961 1641884
219 335169
925 3023062
401 921440
469 1009220
763 1382245
475 756010
330 509477
145 215109
601 997044
49 66762
932 1553572
112 162747
570 916449
640 1050249
605 981595
79 113882
712 1161682
814 1349652
340 528795
268 410399
277 425849
50 69687
656 1064134
404 1251925
100 279305
233 720923
4 12335
493 1197656
758 1948554
632 2020995
569 1579770
524 1152622
927 1558706
270 450597
831 1397640
819 1536475
347 549122
160 238722
618 1060573
688 1165956
330 599779
632 1033742
514 830278
565 1092400
738 1214866
190 315554
324 525501
439 796060
778 1327495
834 1422325
73 103164
557 902001
716 1221674
774 1458619
764 1341716
259 400350
104 148999
574 979195
543 960625
139 223546
870 1557451
344 681575
671 1163555
576 927750
737 1389519
56 88250
732 1200145
255 413035
226 341527
840 1513475
301 465566
314 489783
877 1456161
928 1553462
282 436594
787 1568552
8 13865
352 552839
278 431686
922 1575451
533 1132636
458 994468
735 1536934
405 646839
753 1234487
547 956124
868 1581892
884 1660147
181 312495
5 7920
100 176377
356 627410
732 1251116
307 477155
421 718489
210 340031
462 734482
6 7861
192 325586
596 1092554
714 1217462
587 982507
278 453133
495 795866
846 2403994
469 1014426
767 1765646
260 424995
264 455107
194 418167
916 2149635
434 771377
160 239792
617 1124187
451 722991
695 1334350
27 42487
358 566175
864 1700143
519 849501
440 746404
973 1682810
690 1224403
275 520474
37 57784
34 45753
13 17207
583 1052491
552 899863
823 1461323
904 1534072
140 208430
428 757711
544 977788
139 235380
124 205487
816 1446491
697 1205069
551 923451
665 1169106
535 948394
789 1349947
595 1005064
486 777635
129 190383
54 73809
797 1424624
250 380805
392 616817
833 1620958
410 649706
265 409191
550 889359
612 992558
920 1539267
157 236597
60 82406
355 620868
772 1557258
50 95060
79 151596
250 481112
453 716748
312 594356
263 407486
41 57473
710 1202409
195 375778
491 991175
830 1512158
680 1110514
249 423265
112 162630
581 945416
496 903583
139 231188
907 1524039
184 279125
594 1051695
592 960849
821 1357745
443 694115
340 651483
821 1415467
105 150685
253 384986
487 824712
365 609315
512 856853
577 936437
233 379688
619 1335060
368 579337
480 844478
347 597144
854 1634970
787 1301550
774 2499120
139 402448
111 257610
170 358582
59 113032
806 1730394
744 1228089
763 1334632
910 1620885
89 145208
472 883218
408 644212
163 244531
897 1578136
317 497015
128 217106
134 195624
646 1057043
890 1666624
65 110200
644 1052201
132 195351
127 185349
498 828409
388 611494
781 1329377
282 435636
560 960832
654 1098876
104 153226
661 1103701
79 114647
301 462152
136 200904
415 647894
792 1414512
65 98230
669 1088833
279 470585
674 1098041
64 88562
824 1363360
887 1504512
811 1406168
338 527222
168 245758
902 1501431
593 997318
340 530622
301 470658
147 217124
501 797354
647 1053116
626 1008488
217 329114
631 1013367
632 1022523
765 1250865
609 1012404
78 113163
730 1199163
839 1391211
140 205099
1000 1679235
706 1151439
153 226008
623 1013090
792 1426174
9 13692
329 513882
175 266244
570 959978
365 569747
522 838136
314 486581
573 920310
439 690850
127 184968
397 632485
986 1650966
917 1510951
596 1005597
758 1250392
592 957380
735 1235311
169 253836
789 1338266
406 686507
22 28654
180 269734
212 317642
190 324463
25 33456
532 848669
397 628920
791 1297039
481 790521
958 1716614
942 1588642
799 1400425
382 601388
85 120118
66 91406
382 594066
255 386635
700 1224404
883 1484468
641 1080477
988 1694064
368 580166
787 1384084
123 182383
434 683632
60 83072
250 399806
369 578320
81 113288
196 293478
697 1166719
312 483486
559 947430
685 1146426
777 1271267
161 237466
526 877839
163 261703
736 1307484
650 1054659
43 59654
493 878625
510 812461
707 1163682
953 1706276
401 637449
780 1329374
624 1054962
736 1246146
139 205756
478 848770
791 1344599
437 729649
902 1492335
432 687244
140 227973
684 1117610
197 327043
344 538266
252 381968
263 400259
138 203789
988 1773076
152 228528
331 516237
283 436270
350 544991
664 1166116
885 1530196
106 152655
270 415272
396 688170
998 1711369
968 1706842
384 605437
896 1572207
384 649897
409 680180
139 204738
558 904664
944 1665749
128 187903
665 1081451
726 1290228
213 338855
918 1641648
485 777821
616 999183
519 833756
370 581407
727 1302107
462 741140
245 373343
352 548706
215 327548
777 1274960
460 733693
918 1605376
447 750856
269 413979
124 201157
101 146553
684 1125966
487 776132
101 146613
165 248990
662 1114051
998 3245530
75 213250
936 2122166
86 178906
559 904234
577 1045578
12 16966
975 1666777
560 906477
999 1672873
589 956032
161 242221
227 371622
252 383261
423 669876
97 141512
103 148285
374 583944
959 1629007
209 331499
236 511610
782 1471830
593 1130966
618 1393094
317 495629
953 1696754
971 1664127
594 967942
384 600797
503 809010
140 208493
598 1008006
924 1581802
273 424692
961 1666660
188 280943
443 703921
278 450104
213 320314
595 968842
734 1209842
30 41361
398 648691
261 400522
951 1619236
665 1084457
30 40168
95 138366
854 1433393
974 1636843
952 1580220
225 344641
682 1112116
183 274615
959 1601478
642 1081281
763 1253602
567 914622
480 766247
707 1156206
873 1464968
91 132729
287 444142
989 1656565
400 644629
767 1251228
345 575410
781 1317037
182 277039
992 1657420
805 1320518
501 828816
422 659932
826 1458721
666 1106778
604 980487
753 1252714
574 921940
138 205098
952 1590275
928 1540515
