989 1940271
594 1463730
551 1226315
381 881667
782 1813237
215 465575
164 504040
67 155930
404 991928
929 2436806
994 2636897
190 448040
80 135116
126 211956
294 512925
578 1034205
758 1379706
748 1368351
485 854735
93 151410
731 1319544
825 1578579
879 2059484
387 858365
993 2404546
60 121752
248 538349
717 1288166
912 1484206
218 327967
49 66908
202 301255
297 588357
620 1183497
605 1481295
264 637630
144 285856
908 1930392
413 642049
58 80092
158 231736
784 1908654
901 1636709
14 18740
454 707190
188 281650
121 172242
565 925175
661 1051721
301 464324
23 31278
306 516984
356 568508
221 330168
884 1474771
422 658134
644 1057866
367 569099
370 568881
187 275615
333 515131
470 734473
986 1611807
302 472701
976 1595694
55 76182
757 1240865
957 1600476
939 1552662
199 367209
104 307782
196 569895
256 760377
612 1633718
812 1780250
560 904409
696 1154241
661 1052367
174 258293
887 1447397
406 629399
141 222941
915 1487613
170 251610
824 1328794
390 601470
279 423320
752 1209459
166 265127
905 1469763
136 196747
672 1063729
724 1200163
459 716133
534 841365
497 804774
132 194283
842 1396170
237 354563
372 598588
593 938866
420 649078
937 1527408
137 201118
13 17766
666 1099035
267 402747
31 41317
985 1663179
137 199135
953 1582992
804 1307742
94 144065
586 927233
184 272635
134 199319
177 259847
14 18180
209 311884
286 436032
781 1295358
647 1026801
231 349917
204 321710
518 811598
585 927456
197 295799
633 1005174
870 1419283
804 1333756
765 1230497
300 497073
799 1290041
427 698353
975 1588967
453 705708
520 815246
267 407349
73 105752
842 1366994
407 667910
37 51282
606 960976
151 224928
473 740915
18 24203
185 271055
197 288401
345 525119
753 1211484
268 405683
42 57917
138 200067
108 157043
58 96220
401 620776
197 290785
776 1282987
669 1068900
906 1480057
37 51098
816 1355643
677 1080115
173 284731
896 1451167
449 708754
45 62139
599 948127
472 802204
549 867690
715 1182161
261 393642
490 766594
644 1021901
327 502361
295 443017
297 450408
448 701189
850 1390912
404 621830
892 1447357
969 1646613
653 1039506
157 232924
754 1242103
731 1207742
879 1452779
271 412874
10 13968
12 15998
777 1251450
532 837557
163 484285
510 1542055
313 924462
804 1758182
606 1017049
205 309842
153 223852
570 936992
244 370325
605 963366
65 93375
398 629869
98 138909
268 404195
263 397009
222 331192
15 19967
791 1283601
190 282318
506 830544
99 143914
777 1253204
654 1055254
309 474492
642 1016442
230 347555
233 347190
439 721655
741 1187673
569 919413
556 880036
764 1238622
637 1010160
460 716558
545 862883
723 1154680
244 369241
853 1390036
726 1167610
36 50476
747 1197571
862 1402682
242 363061
998 1635453
183 298859
314 483172
819 1320804
191 284668
80 112491
759 1220977
247 372759
55 74565
681 1115729
545 863840
876 1423034
585 959240
511 797647
421 661335
234 392334
807 1308959
380 621476
102 146203
917 1492986
544 857150
354 543558
647 1029739
105 149523
575 910494
149 215608
32 54721
492 772796
594 984516
881 1431554
645 1024888
870 1510952
906 1658772
364 618195
770 1266036
978 1624477
91 132510
844 1368349
373 575838
650 1102451
861 1585240
136 224060
72 100247
626 1030087
540 849578
33 44357
622 984116
922 1574881
232 364187
986 1685730
427 659055
201 298454
568 898245
354 550831
40 54738
331 506601
884 1434184
163 240516
161 233591
275 415639
936 1524647
503 788850
227 343130
986 1613183
530 836513
789 1268466
347 540444
69 98708
884 1622094
136 225487
843 2021047
102 231092
715 1458405
924 1507703
148 235081
99 140483
500 783431
668 1085642
505 1078098
833 1353334
836 1352736
474 740802
754 1236872
966 1575617
636 1009559
17 22357
836 1373827
796 1284316
17 22404
611 968763
137 227795
98 139583
107 154054
89 127335
922 1538879
535 842257
911 1524892
944 1572201
314 483458
963 1602669
765 1230638
924 1507931
441 724107
653 1079821
304 463774
830 1368334
85 120742
720 1154596
167 246664
48 64822
130 188871
448 701119
608 965486
869 1440933
299 460405
450 700644
369 571222
224 333604
112 161594
731 1208323
935 1518766
431 670861
712 1161429
661 1052612
446 694044
520 810644
678 1083725
886 1430943
612 1009903
583 925170
540 885659
221 334082
719 1178441
202 302358
189 280313
24 32059
118 171736
683 1097636
186 273336
398 610163
181 268477
934 1516932
151 221417
228 339633
996 1631392
160 233535
810 1304300
315 483071
469 766242
655 1043795
387 624629
911 1480761
431 686619
221 332442
764 1269576
646 1029910
584 960636
572 905972
90 128950
62 88528
450 736020
658 1044647
156 230154
491 770775
873 1441347
441 686327
237 356041
151 225711
227 362196
652 1033574
480 746749
84 118312
175 262458
136 197868
640 1041683
903 1467885
426 661475
737 1233475
629 1073640
567 896621
622 1026476
203 306672
761 1221322
862 1399166
760 1222903
496 775043
497 776845
908 1524206
552 868670
140 203445
876 1429486
362 560359
419 684285
271 409493
264 401463
395 612721
353 614221
205 306766
193 286770
771 1270437
79 110517
517 814036
255 382610
265 636657
938 1536391
587 969069
125 182961
882 1439623
605 964787
941 1572073
233 349067
307 471688
797 1280696
329 503436
857 1390998
413 638049
282 465799
115 166442
41 55790
873 1417206
960 1594354
581 924573
279 421033
35 47479
290 440554
923 1498020
281 425805
427 663287
862 1400568
850 1379084
392 643409
276 418684
572 931951
149 218953
540 843808
809 1343372
734 1178799
282 429706
911 1492089
488 785761
289 437564
461 717461
669 1067675
370 568319
604 980902
479 745271
271 413236
608 965856
342 525329
99 140669
665 1061464
373 575189
596 979466
521 821272
690 1136208
186 273198
786 1290827
737 1220032
792 1274112
823 1372192
279 428605
789 1272085
523 817493
573 945246
776 1247871
35 48451
789 1288979
227 339991
724 1273430
150 222414
283 497691
469 731411
351 538405
830 1344225
355 551681
10 13288
955 1607717
24 34033
335 513671
161 237356
151 222504
441 718197
785 1287075
323 494900
849 1375519
476 783104
675 1072281
284 433288
522 820111
318 511970
369 582827
426 664327
120 173480
597 947859
207 308985
350 536278
583 926288
86 150701
689 1104747
376 579317
642 1015563
958 1598631
651 1037463
485 758167
985 1646532
355 548406
706 1168764
776 1265950
563 908726
564 888449
298 456006
277 419887
39 52717
940 1562164
361 558034
453 707168
655 1048289
321 492054
327 494482
53 73637
277 475733
248 375636
206 307349
955 1581462
617 981791
520 818209
802 1324749
136 195550
22 29727
718 1153205
226 340755
217 323334
325 498261
689 1121981
373 577666
751 1211552
416 649872
506 785664
728 1721057
661 1098305
776 1247395
40 55015
690 1103855
912 1517809
481 785963
595 976776
531 837276
879 1424027
839 1400260
874 1423482
124 181958
652 1033195
483 759346
658 1044157
63 88241
313 476353
320 503674
743 1187309
273 411495
449 700799
46 64931
851 1413465
280 426369
253 376684
850 1375712
325 499382
490 807935
410 632534
376 582967
403 662152
70 98745
970 1587890
965 1574399
295 492340
745 1197786
952 1609189
169 247947
320 487207
411 937198
240 526290
214 460346
711 1169889
343 528163
206 308281
325 495524
549 879854
151 223733
667 1070063
431 669623
549 867361
906 1473688
864 1439517
28 38070
934 1568956
669 1096403
295 494097
900 1460193
306 505159
452 701518
433 671079
169 249162
396 609649
139 202752
606 960333
665 1059524
726 1202484
310 475103
990 1650917
400 615389
557 918312
879 1428342
833 1351379
947 1549152
430 666233
91 129466
451 702156
85 123236
303 461409
61 83484
453 716979
782 1261562
220 326758
41 54902
225 358701
981 1606922
468 725127
806 1325105
882 1461395
657 1043543
92 132460
915 1522837
734 1176514
531 832332
941 1582870
41 56875
771 1242562
50 70035
232 383924
95 133145
827 1333832
497 777323
567 894177
246 368282
55 93135
156 234314
985 3159547
195 565130
136 325052
125 269740
127 248880
775 1680712
540 866733
278 420809
670 1071115
669 1067759
424 662316
119 172304
928 1541220
527 835127
814 1350059
629 999375
981 1602974
764 1231901
703 1130109
511 796770
666 1062683
549 867739
989 1651766
156 231837
389 601680
65 93764
967 1595998
427 717415
493 773213
903 1505835
291 509970
624 1063754
86 121693
675 1076424
958 1567497
855 1383528
372 606967
847 2662080
560 1587392
444 935412
477 1004892
479 777579
155 230597
60 83073
313 479547
296 473973
666 1060933
969 1580839
872 1447404
255 409859
688 1136007
551 898154
647 1067541
890 1455111
660 1045514
140 206518
100 145113
993 1633719
481 755166
786 1266561
682 1131759
650 1032727
128 187803
166 270771
670 1071071
994 1630215
207 309919
350 541845
691 1106479
761 1260390
382 590526
518 808982
741 1196248
321 487563
361 557176
277 422550
642 1024178
714 1148714
317 484303
674 1073777
37 50109
715 1183264
897 1454931
893 1456193
355 563373
717 1152100
604 1000425
527 830773
382 588967
874 1445795
659 1045271
535 845934
60 83651
355 581721
146 215671
985 1645366
611 976545
271 416540
139 222138
191 282114
369 570312
699 1184520
708 1134601
404 667642
940 1529448
442 688693
301 459720
675 1111156
757 1220319
140 207745
785 1268717
267 406267
648 1075165
90 129600
27 36116
910 1519161
555 878344
640 1018481
269 406986
766 1268730
689 1127908
240 364372
207 307259
430 669970
556 992670
941 1567996
228 385945
442 684519
59 80632
639 1055383
1000 1641412
257 387823
554 873440
510 838765
372 575782
61 84458
18 24114
951 1594223
415 667623
437 680004
701 1150036
380 581001
648 1031379
380 588471
270 428162
961 1569239
754 1209254
490 793273
237 357785
467 720791
261 393119
834 1354772
160 235858
656 1081592
86 122063
105 154039
40 54648
243 365725
795 1313309
712 1148002
710 1140913
793 1314083
646 1028639
61 83700
828 1342242
685 1129603
819 1351799
38 52559
667 1062913
317 482600
659 1125932
820 1333924
918 1528161
26 35792
414 677450
264 402314
35 47607
497 779371
406 666529
189 281844
760 1217932
314 482754
949 1593282
544 858001
586 967368
47 66419
918 1496576
953 1771739
71 115010
867 1408935
956 1559517
245 381424
848 1398125
941 1533747
963 1612834
512 828028
533 872265
17 22993
278 425267
561 884475
615 1022569
234 353564
372 618317
846 1367891
330 543210
725 1165821
39 53558
207 309471
505 791845
299 457541
464 724849
588 933490
39 54545
168 248900
411 636404
44 75482
145 217083
340 521034
697 1149113
926 1520505
65 91285
598 949995
381 585192
474 757044
700 1116032
307 508956
113 158965
720 1273229
812 1482662
965 1788156
519 1197888
135 293436
653 1330423
618 981083
393 666993
479 746572
766 1264396
794 1277965
923 1506735
814 1338574
963 1612690
504 787797
804 1326275
578 918183
826 1338440
388 599722
658 1044860
610 1001475
247 370330
324 504468
738 1218919
11 14748
619 1003433
913 1486080
517 847122
518 814156
317 484102
955 1563077
388 599755
119 171462
293 449504
933 1560119
358 550364
132 193278
234 351549
509 795478
483 755000
305 466085
132 214767
582 919990
468 731062
217 321662
550 863087
451 699246
869 1411685
353 582125
55 75395
684 1094532
174 258997
42 57703
937 1530289
670 1068037
872 1452440
547 864382
205 305569
251 376069
81 128781
823 1332385
776 1243335
490 766559
439 681344
107 170753
315 482561
222 329299
729 1171727
745 1239678
76 108608
349 540881
490 765883
448 722998
190 282754
610 994359
78 112762
435 677550
58 80738
16 21331
415 643237
997 1639180
790 1270283
563 913560
808 1310294
621 989509
703 1124730
698 1116690
19 26046
457 714293
211 314124
650 1033390
818 1325997
527 824243
