2 775
4 590
5 363
6 547
7 355
8 276
9 344
10 411
13 269
14 656
15 428
16 283
17 300
18 299
19 498
20 273
21 289
22 424
23 717
24 264
25 346
26 304
27 286
28 570
30 286
31 459
32 990
33 266
34 1341
35 446
36 249
37 441
38 418
39 272
40 288
41 579
43 1394
44 264
45 297
46 431
47 1103
48 294
49 281
50 260
51 583
52 413
53 256
54 581
55 245
56 841
57 413
60 364
62 267
63 315
64 273
65 383
66 481
67 404
68 462
69 1537
70 282
71 378
72 651
73 926
74 247
76 246
78 377
79 283
80 310
81 1622
82 242
83 605
84 232
85 239
86 280
87 237
88 285
89 710
90 278
91 311
92 268
93 234
94 369
95 1178
96 309
97 700
98 258
99 282
