1 1595
2 870
3 1408
4 1040
5 993
6 963
7 951
8 1500
9 850
10 1112
11 995
12 1054
13 1038
14 1017
15 1386
16 2218
17 1981
18 1421
19 1701
20 4038
21 1021
22 1391
23 2512
24 1227
25 1609
26 2477
27 2583
28 2084
29 3055
30 1636
31 2233
32 1620
33 1707
34 1461
35 1871
36 1929
37 1466
38 2333
39 1577
40 1680
41 1460
42 1465
43 1542
44 1611
45 1551
46 1950
47 1560
48 2872
49 2645
50 2002
51 1601
52 1639
53 1982
54 1690
55 12962
56 2404
57 1700
58 1848
59 2193
60 2765
61 2836
62 6534
63 1934
64 3520
65 2017
66 2490
67 2001
68 2202
69 2234
70 2241
71 7588
72 2347
73 2090
74 3041
75 5220
76 2712
77 2352
78 2232
79 2231
80 2238
81 2355
82 2269
83 2481
84 2310
85 2455
86 2309
87 3469
88 2573
89 3597
90 2402
91 2909
92 3953
93 2314
94 2374
95 2301
96 13908
97 2387
98 2734
99 2764
100 2367
101 2506
102 2418
103 2268
104 2886
105 2600
106 2644
107 2544
108 3598
109 7940
110 3637
111 2964
112 2663
113 4549
114 4324
115 2601
116 2685
117 3004
118 3791
119 2600
120 2530
121 3448
122 2686
123 16552
124 2962
125 2989
126 2803
127 2868
128 3065
129 3117
130 3228
131 3685
132 5580
133 3269
134 14017
135 3064
136 4124
137 3216
138 3845
139 4335
140 3209
141 4250
142 4730
143 3286
144 3367
145 3627
146 3570
147 3559
148 4095
149 3463
150 3574
151 6590
152 5592
153 4234
154 5272
155 4595
156 5658
157 4261
158 3763
159 7843
160 4187
161 3665
162 3450
163 4273
164 4592
165 4871
166 4659
167 3740
168 4675
169 3714
170 3705
171 4961
172 3929
173 4433
174 3931
175 5330
176 3629
177 3654
178 4889
179 3715
180 4528
181 5153
182 4731
183 4845
184 3931
185 5786
186 4139
187 4904
188 4125
189 3864
190 5295
191 4263
192 4037
193 5059
194 4185
195 4087
196 6189
197 4816
198 4288
199 3995
200 4267
201 5420
202 3958
203 4433
204 17304
205 4617
206 4240
207 7231
208 4326
209 7781
210 5692
211 5323
212 4237
213 4314
214 4334
215 4249
216 5453
217 6176
218 5843
219 5201
220 5231
221 4734
222 4804
223 4276
224 5390
225 6278
226 5974
227 4702
228 4784
229 4966
230 5303
231 4593
232 5810
233 4770
234 5937
235 5017
236 4903
237 4459
238 10890
239 5666
240 5365
241 5290
242 5600
243 5175
244 5273
245 6067
246 4917
247 5292
248 4772
249 6449
250 5471
251 5052
252 5062
253 5380
254 6656
255 5765
256 6456
257 5618
258 4830
259 6291
260 5691
261 6787
262 4976
263 5652
264 6108
265 5610
266 5899
267 7169
268 5834
269 5875
270 5211
271 5643
272 7710
273 4949
274 5324
275 7278
276 6495
277 5804
278 6318
279 6726
280 13803
281 6270
282 5377
283 6426
284 6728
285 7516
286 5973
287 8359
288 6600
289 9843
290 5805
291 6445
292 9019
293 8499
294 6632
295 5897
296 6648
297 6585
298 6987
299 7770
300 6542
301 11607
302 7144
303 6163
304 7095
305 8101
306 17853
307 5830
308 5745
309 7749
310 7113
311 5925
312 5570
313 6501
314 8020
315 10810
316 7238
317 7257
318 7286
319 9561
320 9202
321 6791
322 6079
323 6347
324 13670
325 6053
326 6247
327 5928
328 12230
329 6967
330 8915
331 7458
332 7172
333 5873
334 21866
335 6655
336 7777
337 6913
338 16568
339 10144
340 8981
341 9062
342 9866
343 9843
344 9996
345 9765
346 13740
347 8076
348 11348
349 8751
350 9868
351 8932
352 8780
353 7230
354 8526
355 7146
356 7902
357 8047
358 6861
359 8867
360 7103
361 5967
362 8852
363 6761
364 6618
365 9163
366 8069
367 13101
368 12117
369 9638
370 10355
371 9150
372 12055
373 8860
374 8724
375 8123
376 8734
377 8694
378 8417
379 8918
380 8085
381 11310
382 7250
383 8115
384 8483
385 7516
386 8772
387 7277
388 11182
389 7166
390 7012
391 8026
392 8393
393 12440
394 8893
395 8992
396 10562
397 7494
398 7844
399 7791
400 7211
401 46708
402 9792
403 8792
404 8469
405 10022
406 8784
407 7498
408 7898
409 7868
410 7393
411 7626
412 8159
413 9934
414 9106
415 12042
416 8099
417 8826
418 11370
419 9866
420 7493
421 8744
422 7954
423 9313
424 8677
425 11466
426 7392
427 8459
428 7270
429 11807
430 8544
431 8123
432 9434
433 12228
434 11674
435 9686
436 8944
437 29077
438 8189
439 8727
440 8763
441 7329
442 10361
443 7366
444 9076
445 7579
446 27650
447 8737
448 8761
449 12578
450 8380
451 9846
452 10626
453 7743
454 9893
455 10099
456 7620
457 20549
458 7902
459 11658
460 8345
461 13065
462 7694
463 10533
464 8777
465 9504
466 8435
467 7836
468 9482
469 8095
470 8959
471 17952
472 10334
473 13067
474 10169
475 8944
476 10033
477 11226
478 8384
479 9978
480 10350
481 8654
482 10536
483 13746
484 18046
485 10453
486 9185
487 8950
488 9300
489 8924
490 10945
491 10739
492 11679
493 11548
494 10601
495 13187
496 9671
497 15657
498 21006
499 8907
500 9935
501 9975
502 9853
503 9465
504 19687
505 10374
506 9612
507 13028
508 15355
509 15973
510 9959
511 10331
512 9963
513 11436
514 9531
515 9595
516 10878
517 9646
518 11654
519 12662
520 9104
521 10935
522 28066
523 9781
524 13215
525 9003
526 20483
527 10649
528 11085
529 10396
530 11215
531 10118
532 11176
533 11114
534 10534
535 9231
536 11365
537 9139
538 9448
539 10118
540 9568
541 10479
542 11704
543 10227
544 9096
545 12099
546 12589
547 9523
548 9050
549 9123
550 11428
551 15585
552 10986
553 11941
554 10535
555 9975
556 9105
557 10227
558 12324
559 9311
560 11928
561 10811
562 10498
563 12746
564 10125
565 10296
566 9793
567 13349
568 9856
569 12184
570 9525
571 12704
572 12981
573 18118
574 14390
575 11931
576 9491
577 11931
578 13083
579 12368
580 12536
581 10464
582 13163
583 16852
584 34073
585 15204
586 12689
587 11353
588 11205
589 13858
590 9864
591 24992
592 39518
593 16177
594 13200
595 12779
596 11530
597 16154
598 13662
599 15660
600 10889
601 24310
602 12762
603 11963
604 17586
605 10982
606 12642
607 11858
608 11267
609 13748
610 13356
611 16293
612 10467
613 14849
614 13566
615 15270
616 11944
617 20679
618 12023
619 11257
620 15410
621 12314
622 13520
623 10525
624 12496
625 21687
626 12607
627 11045
628 11555
629 11989
630 14256
631 10577
632 12574
633 11133
634 11250
635 12633
636 12334
637 13965
638 29377
639 12121
640 10906
641 11831
642 58220
643 14459
644 18381
645 11634
646 13910
647 21202
648 17528
649 14996
650 10805
651 11040
652 10862
653 13460
654 12018
655 13449
656 12095
657 34403
658 13329
659 10918
660 16956
661 11814
662 12374
663 22232
664 12488
665 13622
666 11943
667 14003
668 10791
669 19363
670 11037
671 39251
672 17400
673 12119
674 16566
675 12687
676 17567
677 14634
678 11069
679 13404
680 15383
681 12459
682 13586
683 13700
684 16070
685 15922
686 13915
687 11775
688 16036
689 12559
690 27048
691 13869
692 11506
693 11222
694 12807
695 11301
696 27698
697 13898
698 13775
699 11561
700 15485
701 13347
702 14139
703 13568
704 15311
705 23160
706 14431
707 11505
708 14483
709 215562
710 26537
711 17737
712 17975
713 18788
714 16334
715 19158
716 13968
717 14988
718 21584
719 12775
720 14458
721 13374
722 15003
723 14409
724 12556
725 13301
726 23262
727 15420
728 14498
729 16563
730 12965
731 12670
732 17637
733 13205
734 14797
735 17397
736 15515
737 16543
738 14750
739 13791
740 14595
741 16847
742 13718
743 12152
744 12516
745 15602
746 14191
747 17735
748 14718
749 13665
750 18602
751 12653
752 14938
753 15031
754 12769
755 27851
756 14116
757 13434
758 16194
759 13110
760 14927
761 14395
762 14554
763 17248
764 15955
765 13917
766 16575
767 14915
768 15969
769 27180
770 13799
771 41961
772 28008
773 13910
774 25804
775 22685
776 26966
777 20537
778 21472
779 22250
780 21440
781 20280
782 25012
783 23689
784 19137
785 18355
786 13835
787 17131
788 23136
789 16530
790 15754
791 14064
792 20347
793 14918
794 16507
795 12897
796 19493
797 17764
798 15236
799 15151
800 14884
801 15039
802 13748
803 15875
804 22213
805 14523
806 13663
807 15977
808 15992
809 16629
810 28149
811 12921
812 13304
813 14832
814 14865
815 15759
816 15863
817 16416
818 17400
819 14203
820 16958
821 15409
822 18236
823 16925
824 16921
825 20199
826 14230
827 18077
828 19588
829 18082
830 19063
831 14785
832 32698
833 16413
834 28526
835 17750
836 17647
837 15398
838 18392
839 19256
840 18080
841 19968
842 15743
843 17152
844 17794
845 14313
846 15798
847 17038
848 18806
849 18283
850 17449
851 24619
852 19101
853 19160
854 16458
855 19505
856 14630
857 18752
858 17019
859 16003
860 16134
861 17601
862 15516
863 15150
864 15993
865 13876
866 17530
867 15780
868 15833
869 22461
870 15566
871 16037
872 16003
873 14673
874 19207
875 13891
876 20120
877 16083
878 15366
879 26921
880 27427
881 15414
882 21089
883 18582
884 14597
885 19838
886 16870
887 19545
888 15131
889 14956
890 19411
891 21774
892 22629
893 38150
894 15008
895 15750
896 14686
897 22998
898 14255
899 24267
900 17549
901 15985
902 20345
903 23016
904 18840
905 22689
906 19963
907 21419
908 16104
909 19917
910 18660
911 26080
912 19755
913 15371
914 25817
915 19574
916 19659
917 15267
918 20872
919 17827
920 16841
921 20771
922 30733
923 31664
924 22106
925 20514
926 25306
927 17666
928 19849
929 20173
930 20503
931 49133
932 18287
933 16196
934 30869
935 17156
936 20772
937 31110
938 16744
939 16690
940 20688
941 21170
942 18681
943 16516
944 18279
945 20980
946 15656
947 15778
948 18024
949 18604
950 16506
951 20980
952 18439
953 20679
954 15805
955 20906
956 16644
957 21349
958 17983
959 20206
960 21329
961 22874
962 26770
963 18174
964 15923
965 16924
966 17122
967 15529
968 18405
969 16313
970 18869
971 25944
972 26661
973 28841
974 34422
975 18414
976 20215
977 21199
978 18466
979 16831
980 15866
981 84915
982 17457
983 16070
984 16944
985 20552
986 29637
987 22347
988 17481
989 24081
990 18555
991 17966
992 15887
993 19314
994 17532
995 16769
996 20668
997 25627
998 25884
999 20537
